Log file open, 08/22/22 12:46:57
LogWindows: Failed to load 'aqProf.dll' (GetLastError=126)
LogWindows: File 'aqProf.dll' does not exist
LogWindows: Failed to load 'VtuneApi.dll' (GetLastError=126)
LogWindows: File 'VtuneApi.dll' does not exist
LogWindows: Failed to load 'VtuneApi32e.dll' (GetLastError=126)
LogWindows: File 'VtuneApi32e.dll' does not exist
LogConsoleResponse: Display: Failed to find resolution value strings in scalability ini. Falling back to default.
LogConsoleResponse: Display: Failed to find resolution value strings in scalability ini. Falling back to default.
LogInit: Display: Running engine for game: UnrealFinal
LogPlatformFile: Not using cached read wrapper
LogTaskGraph: Started task graph with 5 named threads and 17 total threads with 3 sets of task threads.
LogStats: Stats thread started at 0.578081
LogICUInternationalization: ICU TimeZone Detection - Raw Offset: -8:00, Platform Override: ''
LogInit: Display: Loading text-based GConfig....
LogPluginManager: Mounting plugin MeshPainting
LogPluginManager: Mounting plugin XGEController
LogPluginManager: Mounting plugin Paper2D
LogPluginManager: Mounting plugin LiveLink
LogPluginManager: Mounting plugin AISupport
LogPluginManager: Mounting plugin EnvironmentQueryEditor
LogPluginManager: Mounting plugin CameraShakePreviewer
LogPluginManager: Mounting plugin GameplayCameras
LogPluginManager: Mounting plugin LightPropagationVolume
LogPluginManager: Mounting plugin AnimationSharing
LogPluginManager: Mounting plugin CLionSourceCodeAccess
LogPluginManager: Mounting plugin CodeLiteSourceCodeAccess
LogPluginManager: Mounting plugin GitSourceControl
LogPluginManager: Mounting plugin OodleData
LogPluginManager: Mounting plugin KDevelopSourceCodeAccess
LogPluginManager: Mounting plugin NullSourceCodeAccess
LogPluginManager: Mounting plugin OodleNetwork
LogPluginManager: Mounting plugin PerforceSourceControl
LogPluginManager: Mounting plugin PixWinPlugin
LogPluginManager: Mounting plugin PlasticSourceControl
LogPluginManager: Mounting plugin PluginUtils
LogPluginManager: Mounting plugin PropertyAccessNode
LogPluginManager: Mounting plugin RiderSourceCodeAccess
LogPluginManager: Mounting plugin SubversionSourceControl
LogPluginManager: Mounting plugin TextureFormatOodle
LogPluginManager: Mounting plugin UObjectPlugin
LogPluginManager: Mounting plugin VisualStudioCodeSourceCodeAccess
LogPluginManager: Mounting plugin VisualStudioSourceCodeAccess
LogPluginManager: Mounting plugin AssetManagerEditor
LogPluginManager: Mounting plugin XCodeSourceCodeAccess
LogPluginManager: Mounting plugin CryptoKeys
LogPluginManager: Mounting plugin CurveEditorTools
LogPluginManager: Mounting plugin DataValidation
LogPluginManager: Mounting plugin GameplayTagsEditor
LogPluginManager: Mounting plugin FacialAnimation
LogPluginManager: Mounting plugin GeometryMode
LogPluginManager: Mounting plugin DatasmithContent
LogPluginManager: Mounting plugin MacGraphicsSwitching
LogPluginManager: Mounting plugin MaterialAnalyzer
LogPluginManager: Mounting plugin MobileLauncherProfileWizard
LogPluginManager: Mounting plugin PluginBrowser
LogPluginManager: Mounting plugin SpeedTreeImporter
LogPluginManager: Mounting plugin VariantManagerContent
LogPluginManager: Mounting plugin AlembicImporter
LogPluginManager: Mounting plugin AutomationUtils
LogPluginManager: Mounting plugin BackChannel
LogPluginManager: Mounting plugin ChaosCloth
LogPluginManager: Mounting plugin ChaosEditor
LogPluginManager: Mounting plugin ChaosClothEditor
LogPluginManager: Mounting plugin ChaosNiagara
LogPluginManager: Mounting plugin ChaosSolverPlugin
LogPluginManager: Mounting plugin CharacterAI
LogPluginManager: Mounting plugin Niagara
LogPluginManager: Mounting plugin GeometryCache
LogPluginManager: Mounting plugin GeometryCollectionPlugin
LogPluginManager: Mounting plugin GeometryProcessing
LogPluginManager: Mounting plugin LuminPlatformFeatures
LogPluginManager: Mounting plugin MagicLeap
LogPluginManager: Mounting plugin MotoSynth
LogPluginManager: Mounting plugin OpenImageDenoise
LogPluginManager: Mounting plugin MagicLeapLightEstimation
LogPluginManager: Mounting plugin PlanarCut
LogPluginManager: Mounting plugin MagicLeapMedia
LogPluginManager: Mounting plugin PlatformCrypto
LogPluginManager: Mounting plugin ProxyLODPlugin
LogPluginManager: Mounting plugin PythonScriptPlugin
LogPluginManager: Mounting plugin MagicLeapPassableWorld
LogPluginManager: Mounting plugin MLSDK
LogPluginManager: Mounting plugin SkeletalReduction
LogPluginManager: Mounting plugin AndroidMedia
LogPluginManager: Mounting plugin AvfMedia
LogPluginManager: Mounting plugin ImgMedia
LogPluginManager: Mounting plugin MediaCompositing
LogPluginManager: Mounting plugin MediaPlayerEditor
LogPluginManager: Mounting plugin WmfMedia
LogPluginManager: Mounting plugin WebMMedia
LogPluginManager: Mounting plugin ActorSequence
LogPluginManager: Mounting plugin LevelSequenceEditor
LogPluginManager: Mounting plugin MatineeToLevelSequence
LogPluginManager: Mounting plugin TemplateSequence
LogPluginManager: Mounting plugin TcpMessaging
LogPluginManager: Mounting plugin UdpMessaging
LogPluginManager: Mounting plugin OnlineSubsystem
LogPluginManager: Mounting plugin OnlineSubsystemNull
LogPluginManager: Mounting plugin OnlineSubsystemUtils
LogPluginManager: Mounting plugin LauncherChunkInstaller
LogPluginManager: Mounting plugin ActorLayerUtilities
LogPluginManager: Mounting plugin AndroidDeviceProfileSelector
LogPluginManager: Mounting plugin AndroidMoviePlayer
LogPluginManager: Mounting plugin AndroidPermission
LogPluginManager: Mounting plugin AppleImageUtils
LogPluginManager: Mounting plugin AppleMoviePlayer
LogPluginManager: Mounting plugin ArchVisCharacter
LogPluginManager: Mounting plugin AssetTags
LogPluginManager: Mounting plugin AudioCapture
LogPluginManager: Mounting plugin AudioSynesthesia
LogPluginManager: Mounting plugin CableComponent
LogPluginManager: Mounting plugin ChunkDownloader
LogPluginManager: Mounting plugin CustomMeshComponent
LogPluginManager: Mounting plugin EditableMesh
LogPluginManager: Mounting plugin ExampleDeviceProfileSelector
LogPluginManager: Mounting plugin ScreenshotTools
LogPluginManager: Mounting plugin GoogleCloudMessaging
LogPluginManager: Mounting plugin GooglePAD
LogPluginManager: Mounting plugin IOSDeviceProfileSelector
LogPluginManager: Mounting plugin LinuxDeviceProfileSelector
LogPluginManager: Mounting plugin LocationServicesBPLibrary
LogPluginManager: Mounting plugin MobilePatchingUtils
LogPluginManager: Mounting plugin OpenXR
LogPluginManager: Mounting plugin OpenXRHandTracking
LogPluginManager: Mounting plugin OpenXREyeTracker
LogPluginManager: Mounting plugin PhysXVehicles
LogPluginManager: Mounting plugin PostSplashScreen
LogPluginManager: Mounting plugin PropertyAccessEditor
LogPluginManager: Mounting plugin ProceduralMeshComponent
LogPluginManager: Mounting plugin RuntimePhysXCooking
LogPluginManager: Mounting plugin SignificanceManager
LogPluginManager: Mounting plugin SoundFields
LogPluginManager: Mounting plugin Synthesis
LogPluginManager: Mounting plugin WebMMoviePlayer
LogPluginManager: Mounting plugin WindowsMoviePlayer
LogPluginManager: Mounting plugin Takes
LogPluginManager: Mounting plugin ContentBrowserAssetDataSource
LogPluginManager: Mounting plugin ContentBrowserClassDataSource
LogPluginManager: Mounting plugin ContentBrowserFileDataSource
LogPluginManager: Mounting plugin OnlineSubsystemGooglePlay
LogPluginManager: Mounting plugin OnlineSubsystemIOS
LogPluginManager: Mounting plugin OculusVR
LogPluginManager: Mounting plugin SteamVR
PixWinPlugin: PIX capture plugin failed to initialize! Check that the process is launched from PIX.
LogInit: Using libcurl 7.55.1-DEV
LogInit:  - built for x86_64-pc-win32
LogInit:  - supports SSL with OpenSSL/1.1.1
LogInit:  - supports HTTP deflate (compression) using libz 1.2.8
LogInit:  - other features:
LogInit:      CURL_VERSION_SSL
LogInit:      CURL_VERSION_LIBZ
LogInit:      CURL_VERSION_IPV6
LogInit:      CURL_VERSION_ASYNCHDNS
LogInit:      CURL_VERSION_LARGEFILE
LogInit:      CURL_VERSION_IDN
LogInit:  CurlRequestOptions (configurable via config and command line):
LogInit:  - bVerifyPeer = true  - Libcurl will verify peer certificate
LogInit:  - bUseHttpProxy = false  - Libcurl will NOT use HTTP proxy
LogInit:  - bDontReuseConnections = false  - Libcurl will reuse connections
LogInit:  - MaxHostConnections = 16  - Libcurl will limit the number of connections to a host
LogInit:  - LocalHostAddr = Default
LogInit:  - BufferSize = 65536
LogOnline: OSS: Creating online subsystem instance for: NULL
LogInit: WinSock: version 1.1 (2.2), MaxSocks=32767, MaxUdp=65467
LogOnline: OSS: TryLoadSubsystemAndSetDefault: Loaded subsystem for module [NULL]
LogOculusPluginWrapper: OculusPlugin initialized successfully
LogHMD: Failed initializing OVRPlugin 1.59.0
LogInit: Build: ++UE4+Release-4.27-CL-18319896
LogInit: Engine Version: 4.27.2-18319896+++UE4+Release-4.27
LogInit: Compatible Engine Version: 4.27.0-17155196+++UE4+Release-4.27
LogInit: Net CL: 17155196
LogInit: OS: Windows 10 (Release 2009) (), CPU: AMD FX(tm)-6300 Six-Core Processor             , GPU: NVIDIA GeForce GTX 660
LogInit: Compiled (64-bit): Nov 30 2021 07:12:08
LogInit: Compiled with Visual C++: 19.24.28315.00
LogInit: Build Configuration: Development
LogInit: Branch Name: ++UE4+Release-4.27
LogInit: Command Line: 
LogInit: Base Directory: C:/Program Files/Epic Games/UE_4.27/Engine/Binaries/Win64/
LogInit: Allocator: TBB
LogInit: Installed Engine Build: 1
LogDevObjectVersion: Number of dev versions registered: 29
LogDevObjectVersion:   Dev-Blueprints (B0D832E4-1F89-4F0D-ACCF-7EB736FD4AA2): 10
LogDevObjectVersion:   Dev-Build (E1C64328-A22C-4D53-A36C-8E866417BD8C): 0
LogDevObjectVersion:   Dev-Core (375EC13C-06E4-48FB-B500-84F0262A717E): 4
LogDevObjectVersion:   Dev-Editor (E4B068ED-F494-42E9-A231-DA0B2E46BB41): 40
LogDevObjectVersion:   Dev-Framework (CFFC743F-43B0-4480-9391-14DF171D2073): 37
LogDevObjectVersion:   Dev-Mobile (B02B49B5-BB20-44E9-A304-32B752E40360): 3
LogDevObjectVersion:   Dev-Networking (A4E4105C-59A1-49B5-A7C5-40C4547EDFEE): 0
LogDevObjectVersion:   Dev-Online (39C831C9-5AE6-47DC-9A44-9C173E1C8E7C): 0
LogDevObjectVersion:   Dev-Physics (78F01B33-EBEA-4F98-B9B4-84EACCB95AA2): 14
LogDevObjectVersion:   Dev-Platform (6631380F-2D4D-43E0-8009-CF276956A95A): 0
LogDevObjectVersion:   Dev-Rendering (12F88B9F-8875-4AFC-A67C-D90C383ABD29): 45
LogDevObjectVersion:   Dev-Sequencer (7B5AE74C-D270-4C10-A958-57980B212A5A): 13
LogDevObjectVersion:   Dev-VR (D7296918-1DD6-4BDD-9DE2-64A83CC13884): 3
LogDevObjectVersion:   Dev-LoadTimes (C2A15278-BFE7-4AFE-6C17-90FF531DF755): 1
LogDevObjectVersion:   Private-Geometry (6EACA3D4-40EC-4CC1-B786-8BED09428FC5): 3
LogDevObjectVersion:   Dev-AnimPhys (29E575DD-E0A3-4627-9D10-D276232CDCEA): 17
LogDevObjectVersion:   Dev-Anim (AF43A65D-7FD3-4947-9873-3E8ED9C1BB05): 15
LogDevObjectVersion:   Dev-ReflectionCapture (6B266CEC-1EC7-4B8F-A30B-E4D90942FC07): 1
LogDevObjectVersion:   Dev-Automation (0DF73D61-A23F-47EA-B727-89E90C41499A): 1
LogDevObjectVersion:   FortniteMain (601D1886-AC64-4F84-AA16-D3DE0DEAC7D6): 47
LogDevObjectVersion:   FortniteRelease (E7086368-6B23-4C58-8439-1B7016265E91): 1
LogDevObjectVersion:   Dev-Enterprise (9DFFBCD6-494F-0158-E221-12823C92A888): 10
LogDevObjectVersion:   Dev-Niagara (F2AED0AC-9AFE-416F-8664-AA7FFA26D6FC): 1
LogDevObjectVersion:   Dev-Destruction (174F1F0B-B4C6-45A5-B13F-2EE8D0FB917D): 10
LogDevObjectVersion:   Dev-Physics-Ext (35F94A83-E258-406C-A318-09F59610247C): 41
LogDevObjectVersion:   Dev-PhysicsMaterial-Chaos (B68FC16E-8B1B-42E2-B453-215C058844FE): 1
LogDevObjectVersion:   Dev-CineCamera (B2E18506-4273-CFC2-A54E-F4BB758BBA07): 1
LogDevObjectVersion:   Dev-VirtualProduction (64F58936-FD1B-42BA-BA96-7289D5D0FA4E): 1
LogDevObjectVersion:   Dev-MediaFramework (6F0ED827-A609-4895-9C91-998D90180EA4): 2
LogInit: Presizing for max 25165824 objects, including 0 objects not considered by GC, pre-allocating 0 bytes for permanent pool.
LogConfig: Applying CVar settings from Section [/Script/Engine.StreamingSettings] File [C:/Users/alvar/OneDrive/Documents/GitHub/Cpp-and-Unreal-Projects/ThreeKeys/Saved/Config/Windows/Engine.ini]
LogConfig: Setting CVar [[s.MinBulkDataSizeForAsyncLoading:131072]]
LogConfig: Setting CVar [[s.AsyncLoadingThreadEnabled:0]]
LogConfig: Setting CVar [[s.EventDrivenLoaderEnabled:1]]
LogConfig: Setting CVar [[s.WarnIfTimeLimitExceeded:0]]
LogConfig: Setting CVar [[s.TimeLimitExceededMultiplier:1.5]]
LogConfig: Setting CVar [[s.TimeLimitExceededMinTime:0.005]]
LogConfig: Setting CVar [[s.UseBackgroundLevelStreaming:1]]
LogConfig: Setting CVar [[s.PriorityAsyncLoadingExtraTime:15.0]]
LogConfig: Setting CVar [[s.LevelStreamingActorsUpdateTimeLimit:5.0]]
LogConfig: Setting CVar [[s.PriorityLevelStreamingActorsUpdateExtraTime:5.0]]
LogConfig: Setting CVar [[s.LevelStreamingComponentsRegistrationGranularity:10]]
LogConfig: Setting CVar [[s.UnregisterComponentsTimeLimit:1.0]]
LogConfig: Setting CVar [[s.LevelStreamingComponentsUnregistrationGranularity:5]]
LogConfig: Setting CVar [[s.FlushStreamingOnExit:1]]
LogInit: Object subsystem initialized
LogConfig: Setting CVar [[con.DebugEarlyDefault:1]]
LogConfig: Setting CVar [[r.setres:1280x720]]
[2022.08.22-19.47.00:051][  0]LogConfig: Setting CVar [[r.VSync:0]]
[2022.08.22-19.47.00:051][  0]LogConfig: Setting CVar [[r.RHICmdBypass:0]]
[2022.08.22-19.47.00:051][  0]LogConfig: Applying CVar settings from Section [/Script/Engine.RendererSettings] File [C:/Users/alvar/OneDrive/Documents/GitHub/Cpp-and-Unreal-Projects/ThreeKeys/Saved/Config/Windows/Engine.ini]
[2022.08.22-19.47.00:051][  0]LogConfig: Setting CVar [[r.GPUCrashDebugging:0]]
[2022.08.22-19.47.00:051][  0]LogConfig: Applying CVar settings from Section [/Script/Engine.RendererOverrideSettings] File [C:/Users/alvar/OneDrive/Documents/GitHub/Cpp-and-Unreal-Projects/ThreeKeys/Saved/Config/Windows/Engine.ini]
[2022.08.22-19.47.00:051][  0]LogConfig: Applying CVar settings from Section [/Script/Engine.StreamingSettings] File [C:/Users/alvar/OneDrive/Documents/GitHub/Cpp-and-Unreal-Projects/ThreeKeys/Saved/Config/Windows/Engine.ini]
[2022.08.22-19.47.00:051][  0]LogConfig: Setting CVar [[s.MinBulkDataSizeForAsyncLoading:131072]]
[2022.08.22-19.47.00:051][  0]LogConfig: Setting CVar [[s.AsyncLoadingThreadEnabled:0]]
[2022.08.22-19.47.00:052][  0]LogConfig: Setting CVar [[s.EventDrivenLoaderEnabled:1]]
[2022.08.22-19.47.00:052][  0]LogConfig: Setting CVar [[s.WarnIfTimeLimitExceeded:0]]
[2022.08.22-19.47.00:052][  0]LogConfig: Setting CVar [[s.TimeLimitExceededMultiplier:1.5]]
[2022.08.22-19.47.00:052][  0]LogConfig: Setting CVar [[s.TimeLimitExceededMinTime:0.005]]
[2022.08.22-19.47.00:052][  0]LogConfig: Setting CVar [[s.UseBackgroundLevelStreaming:1]]
[2022.08.22-19.47.00:052][  0]LogConfig: Setting CVar [[s.PriorityAsyncLoadingExtraTime:15.0]]
[2022.08.22-19.47.00:052][  0]LogConfig: Setting CVar [[s.LevelStreamingActorsUpdateTimeLimit:5.0]]
[2022.08.22-19.47.00:052][  0]LogConfig: Setting CVar [[s.PriorityLevelStreamingActorsUpdateExtraTime:5.0]]
[2022.08.22-19.47.00:052][  0]LogConfig: Setting CVar [[s.LevelStreamingComponentsRegistrationGranularity:10]]
[2022.08.22-19.47.00:052][  0]LogConfig: Setting CVar [[s.UnregisterComponentsTimeLimit:1.0]]
[2022.08.22-19.47.00:052][  0]LogConfig: Setting CVar [[s.LevelStreamingComponentsUnregistrationGranularity:5]]
[2022.08.22-19.47.00:052][  0]LogConfig: Setting CVar [[s.FlushStreamingOnExit:1]]
[2022.08.22-19.47.00:052][  0]LogConfig: Applying CVar settings from Section [/Script/Engine.GarbageCollectionSettings] File [C:/Users/alvar/OneDrive/Documents/GitHub/Cpp-and-Unreal-Projects/ThreeKeys/Saved/Config/Windows/Engine.ini]
[2022.08.22-19.47.00:052][  0]LogConfig: Setting CVar [[gc.MaxObjectsNotConsideredByGC:1]]
[2022.08.22-19.47.00:052][  0]LogConfig: Setting CVar [[gc.SizeOfPermanentObjectPool:0]]
[2022.08.22-19.47.00:052][  0]LogConfig: Setting CVar [[gc.FlushStreamingOnGC:0]]
[2022.08.22-19.47.00:052][  0]LogConfig: Setting CVar [[gc.NumRetriesBeforeForcingGC:10]]
[2022.08.22-19.47.00:052][  0]LogConfig: Setting CVar [[gc.AllowParallelGC:1]]
[2022.08.22-19.47.00:052][  0]LogConfig: Setting CVar [[gc.TimeBetweenPurgingPendingKillObjects:61.1]]
[2022.08.22-19.47.00:052][  0]LogConfig: Setting CVar [[gc.MaxObjectsInEditor:25165824]]
[2022.08.22-19.47.00:052][  0]LogConfig: Setting CVar [[gc.IncrementalBeginDestroyEnabled:1]]
[2022.08.22-19.47.00:052][  0]LogConfig: Setting CVar [[gc.CreateGCClusters:1]]
[2022.08.22-19.47.00:052][  0]LogConfig: Setting CVar [[gc.MinGCClusterSize:5]]
[2022.08.22-19.47.00:052][  0]LogConfig: Setting CVar [[gc.ActorClusteringEnabled:0]]
[2022.08.22-19.47.00:052][  0]LogConfig: Setting CVar [[gc.BlueprintClusteringEnabled:0]]
[2022.08.22-19.47.00:052][  0]LogConfig: Setting CVar [[gc.UseDisregardForGCOnDedicatedServers:0]]
[2022.08.22-19.47.00:052][  0]LogConfig: Setting CVar [[gc.MultithreadedDestructionEnabled:1]]
[2022.08.22-19.47.00:052][  0]LogConfig: Applying CVar settings from Section [/Script/Engine.NetworkSettings] File [C:/Users/alvar/OneDrive/Documents/GitHub/Cpp-and-Unreal-Projects/ThreeKeys/Saved/Config/Windows/Engine.ini]
[2022.08.22-19.47.00:052][  0]LogConfig: Applying CVar settings from Section [/Script/UnrealEd.CookerSettings] File [C:/Users/alvar/OneDrive/Documents/GitHub/Cpp-and-Unreal-Projects/ThreeKeys/Saved/Config/Windows/Engine.ini]
[2022.08.22-19.47.00:061][  0]LogConfig: Applying CVar settings from Section [ViewDistanceQuality@3] File [C:/Users/alvar/OneDrive/Documents/GitHub/Cpp-and-Unreal-Projects/ThreeKeys/Saved/Config/Windows/Scalability.ini]
[2022.08.22-19.47.00:061][  0]LogConfig: Setting CVar [[r.SkeletalMeshLODBias:0]]
[2022.08.22-19.47.00:061][  0]LogConfig: Setting CVar [[r.ViewDistanceScale:1.0]]
[2022.08.22-19.47.00:061][  0]LogConfig: Applying CVar settings from Section [AntiAliasingQuality@3] File [C:/Users/alvar/OneDrive/Documents/GitHub/Cpp-and-Unreal-Projects/ThreeKeys/Saved/Config/Windows/Scalability.ini]
[2022.08.22-19.47.00:061][  0]LogConfig: Setting CVar [[r.PostProcessAAQuality:4]]
[2022.08.22-19.47.00:061][  0]LogConfig: Applying CVar settings from Section [ShadowQuality@3] File [C:/Users/alvar/OneDrive/Documents/GitHub/Cpp-and-Unreal-Projects/ThreeKeys/Saved/Config/Windows/Scalability.ini]
[2022.08.22-19.47.00:061][  0]LogConfig: Setting CVar [[r.LightFunctionQuality:1]]
[2022.08.22-19.47.00:061][  0]LogConfig: Setting CVar [[r.ShadowQuality:5]]
[2022.08.22-19.47.00:061][  0]LogConfig: Setting CVar [[r.Shadow.CSM.MaxCascades:10]]
[2022.08.22-19.47.00:061][  0]LogConfig: Setting CVar [[r.Shadow.MaxResolution:2048]]
[2022.08.22-19.47.00:061][  0]LogConfig: Setting CVar [[r.Shadow.MaxCSMResolution:2048]]
[2022.08.22-19.47.00:061][  0]LogConfig: Setting CVar [[r.Shadow.RadiusThreshold:0.01]]
[2022.08.22-19.47.00:061][  0]LogConfig: Setting CVar [[r.Shadow.DistanceScale:1.0]]
[2022.08.22-19.47.00:061][  0]LogConfig: Setting CVar [[r.Shadow.CSM.TransitionScale:1.0]]
[2022.08.22-19.47.00:061][  0]LogConfig: Setting CVar [[r.Shadow.PreShadowResolutionFactor:1.0]]
[2022.08.22-19.47.00:061][  0]LogConfig: Setting CVar [[r.DistanceFieldShadowing:1]]
[2022.08.22-19.47.00:062][  0]LogConfig: Setting CVar [[r.DistanceFieldAO:1]]
[2022.08.22-19.47.00:062][  0]LogConfig: Setting CVar [[r.AOQuality:2]]
[2022.08.22-19.47.00:062][  0]LogConfig: Setting CVar [[r.VolumetricFog:1]]
[2022.08.22-19.47.00:062][  0]LogConfig: Setting CVar [[r.VolumetricFog.GridPixelSize:8]]
[2022.08.22-19.47.00:062][  0]LogConfig: Setting CVar [[r.VolumetricFog.GridSizeZ:128]]
[2022.08.22-19.47.00:062][  0]LogConfig: Setting CVar [[r.VolumetricFog.HistoryMissSupersampleCount:4]]
[2022.08.22-19.47.00:062][  0]LogConfig: Setting CVar [[r.LightMaxDrawDistanceScale:1]]
[2022.08.22-19.47.00:062][  0]LogConfig: Setting CVar [[r.CapsuleShadows:1]]
[2022.08.22-19.47.00:062][  0]LogConfig: Applying CVar settings from Section [PostProcessQuality@3] File [C:/Users/alvar/OneDrive/Documents/GitHub/Cpp-and-Unreal-Projects/ThreeKeys/Saved/Config/Windows/Scalability.ini]
[2022.08.22-19.47.00:062][  0]LogConfig: Setting CVar [[r.MotionBlurQuality:4]]
[2022.08.22-19.47.00:062][  0]LogConfig: Setting CVar [[r.AmbientOcclusionMipLevelFactor:0.4]]
[2022.08.22-19.47.00:062][  0]LogConfig: Setting CVar [[r.AmbientOcclusionMaxQuality:100]]
[2022.08.22-19.47.00:062][  0]LogConfig: Setting CVar [[r.AmbientOcclusionLevels:-1]]
[2022.08.22-19.47.00:062][  0]LogConfig: Setting CVar [[r.AmbientOcclusionRadiusScale:1.0]]
[2022.08.22-19.47.00:062][  0]LogConfig: Setting CVar [[r.DepthOfFieldQuality:2]]
[2022.08.22-19.47.00:062][  0]LogConfig: Setting CVar [[r.RenderTargetPoolMin:400]]
[2022.08.22-19.47.00:062][  0]LogConfig: Setting CVar [[r.LensFlareQuality:2]]
[2022.08.22-19.47.00:062][  0]LogConfig: Setting CVar [[r.SceneColorFringeQuality:1]]
[2022.08.22-19.47.00:062][  0]LogConfig: Setting CVar [[r.EyeAdaptationQuality:2]]
[2022.08.22-19.47.00:062][  0]LogConfig: Setting CVar [[r.BloomQuality:5]]
[2022.08.22-19.47.00:062][  0]LogConfig: Setting CVar [[r.FastBlurThreshold:100]]
[2022.08.22-19.47.00:062][  0]LogConfig: Setting CVar [[r.Upscale.Quality:3]]
[2022.08.22-19.47.00:062][  0]LogConfig: Setting CVar [[r.Tonemapper.GrainQuantization:1]]
[2022.08.22-19.47.00:062][  0]LogConfig: Setting CVar [[r.LightShaftQuality:1]]
[2022.08.22-19.47.00:062][  0]LogConfig: Setting CVar [[r.Filter.SizeScale:1]]
[2022.08.22-19.47.00:062][  0]LogConfig: Setting CVar [[r.Tonemapper.Quality:5]]
[2022.08.22-19.47.00:062][  0]LogConfig: Setting CVar [[r.DOF.Gather.AccumulatorQuality:1        ; higher gathering accumulator quality]]
[2022.08.22-19.47.00:062][  0]LogConfig: Setting CVar [[r.DOF.Gather.PostfilterMethod:1          ; Median3x3 postfilering method]]
[2022.08.22-19.47.00:062][  0]LogConfig: Setting CVar [[r.DOF.Gather.EnableBokehSettings:0       ; no bokeh simulation when gathering]]
[2022.08.22-19.47.00:062][  0]LogConfig: Setting CVar [[r.DOF.Gather.RingCount:4                 ; medium number of samples when gathering]]
[2022.08.22-19.47.00:062][  0]LogConfig: Setting CVar [[r.DOF.Scatter.ForegroundCompositing:1    ; additive foreground scattering]]
[2022.08.22-19.47.00:062][  0]LogConfig: Setting CVar [[r.DOF.Scatter.BackgroundCompositing:2    ; additive background scattering]]
[2022.08.22-19.47.00:062][  0]LogConfig: Setting CVar [[r.DOF.Scatter.EnableBokehSettings:1      ; bokeh simulation when scattering]]
[2022.08.22-19.47.00:062][  0]LogConfig: Setting CVar [[r.DOF.Scatter.MaxSpriteRatio:0.1         ; only a maximum of 10% of scattered bokeh]]
[2022.08.22-19.47.00:062][  0]LogConfig: Setting CVar [[r.DOF.Recombine.Quality:1                ; cheap slight out of focus]]
[2022.08.22-19.47.00:062][  0]LogConfig: Setting CVar [[r.DOF.Recombine.EnableBokehSettings:0    ; no bokeh simulation on slight out of focus]]
[2022.08.22-19.47.00:062][  0]LogConfig: Setting CVar [[r.DOF.TemporalAAQuality:1                ; more stable temporal accumulation]]
[2022.08.22-19.47.00:062][  0]LogConfig: Setting CVar [[r.DOF.Kernel.MaxForegroundRadius:0.025]]
[2022.08.22-19.47.00:062][  0]LogConfig: Setting CVar [[r.DOF.Kernel.MaxBackgroundRadius:0.025]]
[2022.08.22-19.47.00:062][  0]LogConfig: Applying CVar settings from Section [TextureQuality@3] File [C:/Users/alvar/OneDrive/Documents/GitHub/Cpp-and-Unreal-Projects/ThreeKeys/Saved/Config/Windows/Scalability.ini]
[2022.08.22-19.47.00:062][  0]LogConfig: Setting CVar [[r.Streaming.MipBias:0]]
[2022.08.22-19.47.00:062][  0]LogConfig: Setting CVar [[r.Streaming.AmortizeCPUToGPUCopy:0]]
[2022.08.22-19.47.00:062][  0]LogConfig: Setting CVar [[r.Streaming.MaxNumTexturesToStreamPerFrame:0]]
[2022.08.22-19.47.00:062][  0]LogConfig: Setting CVar [[r.Streaming.Boost:1]]
[2022.08.22-19.47.00:062][  0]LogConfig: Setting CVar [[r.MaxAnisotropy:8]]
[2022.08.22-19.47.00:062][  0]LogConfig: Setting CVar [[r.VT.MaxAnisotropy:8]]
[2022.08.22-19.47.00:062][  0]LogConfig: Setting CVar [[r.Streaming.LimitPoolSizeToVRAM:0]]
[2022.08.22-19.47.00:062][  0]LogConfig: Setting CVar [[r.Streaming.PoolSize:1000]]
[2022.08.22-19.47.00:062][  0]LogConfig: Setting CVar [[r.Streaming.MaxEffectiveScreenSize:0]]
[2022.08.22-19.47.00:062][  0]LogConfig: Applying CVar settings from Section [EffectsQuality@3] File [C:/Users/alvar/OneDrive/Documents/GitHub/Cpp-and-Unreal-Projects/ThreeKeys/Saved/Config/Windows/Scalability.ini]
[2022.08.22-19.47.00:063][  0]LogConfig: Setting CVar [[r.TranslucencyLightingVolumeDim:64]]
[2022.08.22-19.47.00:063][  0]LogConfig: Setting CVar [[r.RefractionQuality:2]]
[2022.08.22-19.47.00:063][  0]LogConfig: Setting CVar [[r.SSR.Quality:3]]
[2022.08.22-19.47.00:063][  0]LogConfig: Setting CVar [[r.SSR.HalfResSceneColor:0]]
[2022.08.22-19.47.00:063][  0]LogConfig: Setting CVar [[r.SceneColorFormat:4]]
[2022.08.22-19.47.00:063][  0]LogConfig: Setting CVar [[r.DetailMode:2]]
[2022.08.22-19.47.00:063][  0]LogConfig: Setting CVar [[r.TranslucencyVolumeBlur:1]]
[2022.08.22-19.47.00:063][  0]LogConfig: Setting CVar [[r.MaterialQualityLevel:1 ; High quality]]
[2022.08.22-19.47.00:063][  0]LogConfig: Setting CVar [[r.AnisotropicMaterials:1]]
[2022.08.22-19.47.00:063][  0]LogConfig: Setting CVar [[r.SSS.Scale:1]]
[2022.08.22-19.47.00:063][  0]LogConfig: Setting CVar [[r.SSS.SampleSet:2]]
[2022.08.22-19.47.00:063][  0]LogConfig: Setting CVar [[r.SSS.Quality:1]]
[2022.08.22-19.47.00:063][  0]LogConfig: Setting CVar [[r.SSS.HalfRes:0]]
[2022.08.22-19.47.00:063][  0]LogConfig: Setting CVar [[r.SSGI.Quality:3]]
[2022.08.22-19.47.00:063][  0]LogConfig: Setting CVar [[r.EmitterSpawnRateScale:1.0]]
[2022.08.22-19.47.00:063][  0]LogConfig: Setting CVar [[r.ParticleLightQuality:2]]
[2022.08.22-19.47.00:063][  0]LogConfig: Setting CVar [[r.SkyAtmosphere.AerialPerspectiveLUT.FastApplyOnOpaque:1 ; Always have FastSkyLUT 1 in this case to avoid wrong sky]]
[2022.08.22-19.47.00:063][  0]LogConfig: Setting CVar [[r.SkyAtmosphere.AerialPerspectiveLUT.SampleCountMaxPerSlice:4]]
[2022.08.22-19.47.00:063][  0]LogConfig: Setting CVar [[r.SkyAtmosphere.AerialPerspectiveLUT.DepthResolution:16.0]]
[2022.08.22-19.47.00:063][  0]LogConfig: Setting CVar [[r.SkyAtmosphere.FastSkyLUT:1]]
[2022.08.22-19.47.00:063][  0]LogConfig: Setting CVar [[r.SkyAtmosphere.FastSkyLUT.SampleCountMin:4.0]]
[2022.08.22-19.47.00:063][  0]LogConfig: Setting CVar [[r.SkyAtmosphere.FastSkyLUT.SampleCountMax:128.0]]
[2022.08.22-19.47.00:063][  0]LogConfig: Setting CVar [[r.SkyAtmosphere.SampleCountMin:4.0]]
[2022.08.22-19.47.00:063][  0]LogConfig: Setting CVar [[r.SkyAtmosphere.SampleCountMax:128.0]]
[2022.08.22-19.47.00:063][  0]LogConfig: Setting CVar [[r.SkyAtmosphere.TransmittanceLUT.UseSmallFormat:0]]
[2022.08.22-19.47.00:063][  0]LogConfig: Setting CVar [[r.SkyAtmosphere.TransmittanceLUT.SampleCount:10.0]]
[2022.08.22-19.47.00:063][  0]LogConfig: Setting CVar [[r.SkyAtmosphere.MultiScatteringLUT.SampleCount:15.0]]
[2022.08.22-19.47.00:063][  0]LogConfig: Setting CVar [[r.SkyLight.RealTimeReflectionCapture:1]]
[2022.08.22-19.47.00:063][  0]LogConfig: Applying CVar settings from Section [FoliageQuality@3] File [C:/Users/alvar/OneDrive/Documents/GitHub/Cpp-and-Unreal-Projects/ThreeKeys/Saved/Config/Windows/Scalability.ini]
[2022.08.22-19.47.00:063][  0]LogConfig: Setting CVar [[foliage.DensityScale:1.0]]
[2022.08.22-19.47.00:063][  0]LogConfig: Setting CVar [[grass.DensityScale:1.0]]
[2022.08.22-19.47.00:063][  0]LogConfig: Applying CVar settings from Section [ShadingQuality@3] File [C:/Users/alvar/OneDrive/Documents/GitHub/Cpp-and-Unreal-Projects/ThreeKeys/Saved/Config/Windows/Scalability.ini]
[2022.08.22-19.47.00:063][  0]LogConfig: Setting CVar [[r.HairStrands.SkyLighting.IntegrationType:2]]
[2022.08.22-19.47.00:063][  0]LogConfig: Setting CVar [[r.HairStrands.SkyAO.SampleCount:4]]
[2022.08.22-19.47.00:063][  0]LogConfig: Setting CVar [[r.HairStrands.Visibility.MSAA.SamplePerPixel:4]]
[2022.08.22-19.47.00:063][  0]LogInit: Selected Device Profile: [Windows]
[2022.08.22-19.47.00:063][  0]LogInit: Applying CVar settings loaded from the selected device profile: [Windows]
[2022.08.22-19.47.00:064][  0]LogHAL: Display: Platform has ~ 16 GB [17177296896 / 17179869184 / 16], which maps to Larger [LargestMinGB=32, LargerMinGB=12, DefaultMinGB=8, SmallerMinGB=6, SmallestMinGB=0)
[2022.08.22-19.47.00:064][  0]LogInit: Going up to parent DeviceProfile []
[2022.08.22-19.47.00:064][  0]LogConfig: Applying CVar settings from Section [ViewDistanceQuality@3] File [C:/Users/alvar/OneDrive/Documents/GitHub/Cpp-and-Unreal-Projects/ThreeKeys/Saved/Config/Windows/Scalability.ini]
[2022.08.22-19.47.00:064][  0]LogConfig: Setting CVar [[r.SkeletalMeshLODBias:0]]
[2022.08.22-19.47.00:064][  0]LogConfig: Setting CVar [[r.ViewDistanceScale:1.0]]
[2022.08.22-19.47.00:064][  0]LogConfig: Applying CVar settings from Section [AntiAliasingQuality@3] File [C:/Users/alvar/OneDrive/Documents/GitHub/Cpp-and-Unreal-Projects/ThreeKeys/Saved/Config/Windows/Scalability.ini]
[2022.08.22-19.47.00:064][  0]LogConfig: Setting CVar [[r.PostProcessAAQuality:4]]
[2022.08.22-19.47.00:064][  0]LogConfig: Applying CVar settings from Section [ShadowQuality@3] File [C:/Users/alvar/OneDrive/Documents/GitHub/Cpp-and-Unreal-Projects/ThreeKeys/Saved/Config/Windows/Scalability.ini]
[2022.08.22-19.47.00:064][  0]LogConfig: Setting CVar [[r.LightFunctionQuality:1]]
[2022.08.22-19.47.00:064][  0]LogConfig: Setting CVar [[r.ShadowQuality:5]]
[2022.08.22-19.47.00:064][  0]LogConfig: Setting CVar [[r.Shadow.CSM.MaxCascades:10]]
[2022.08.22-19.47.00:064][  0]LogConfig: Setting CVar [[r.Shadow.MaxResolution:2048]]
[2022.08.22-19.47.00:064][  0]LogConfig: Setting CVar [[r.Shadow.MaxCSMResolution:2048]]
[2022.08.22-19.47.00:064][  0]LogConfig: Setting CVar [[r.Shadow.RadiusThreshold:0.01]]
[2022.08.22-19.47.00:064][  0]LogConfig: Setting CVar [[r.Shadow.DistanceScale:1.0]]
[2022.08.22-19.47.00:064][  0]LogConfig: Setting CVar [[r.Shadow.CSM.TransitionScale:1.0]]
[2022.08.22-19.47.00:064][  0]LogConfig: Setting CVar [[r.Shadow.PreShadowResolutionFactor:1.0]]
[2022.08.22-19.47.00:064][  0]LogConfig: Setting CVar [[r.DistanceFieldShadowing:1]]
[2022.08.22-19.47.00:064][  0]LogConfig: Setting CVar [[r.DistanceFieldAO:1]]
[2022.08.22-19.47.00:064][  0]LogConfig: Setting CVar [[r.AOQuality:2]]
[2022.08.22-19.47.00:064][  0]LogConfig: Setting CVar [[r.VolumetricFog:1]]
[2022.08.22-19.47.00:064][  0]LogConfig: Setting CVar [[r.VolumetricFog.GridPixelSize:8]]
[2022.08.22-19.47.00:064][  0]LogConfig: Setting CVar [[r.VolumetricFog.GridSizeZ:128]]
[2022.08.22-19.47.00:064][  0]LogConfig: Setting CVar [[r.VolumetricFog.HistoryMissSupersampleCount:4]]
[2022.08.22-19.47.00:064][  0]LogConfig: Setting CVar [[r.LightMaxDrawDistanceScale:1]]
[2022.08.22-19.47.00:064][  0]LogConfig: Setting CVar [[r.CapsuleShadows:1]]
[2022.08.22-19.47.00:064][  0]LogConfig: Applying CVar settings from Section [PostProcessQuality@3] File [C:/Users/alvar/OneDrive/Documents/GitHub/Cpp-and-Unreal-Projects/ThreeKeys/Saved/Config/Windows/Scalability.ini]
[2022.08.22-19.47.00:064][  0]LogConfig: Setting CVar [[r.MotionBlurQuality:4]]
[2022.08.22-19.47.00:064][  0]LogConfig: Setting CVar [[r.AmbientOcclusionMipLevelFactor:0.4]]
[2022.08.22-19.47.00:064][  0]LogConfig: Setting CVar [[r.AmbientOcclusionMaxQuality:100]]
[2022.08.22-19.47.00:064][  0]LogConfig: Setting CVar [[r.AmbientOcclusionLevels:-1]]
[2022.08.22-19.47.00:064][  0]LogConfig: Setting CVar [[r.AmbientOcclusionRadiusScale:1.0]]
[2022.08.22-19.47.00:064][  0]LogConfig: Setting CVar [[r.DepthOfFieldQuality:2]]
[2022.08.22-19.47.00:064][  0]LogConfig: Setting CVar [[r.RenderTargetPoolMin:400]]
[2022.08.22-19.47.00:064][  0]LogConfig: Setting CVar [[r.LensFlareQuality:2]]
[2022.08.22-19.47.00:064][  0]LogConfig: Setting CVar [[r.SceneColorFringeQuality:1]]
[2022.08.22-19.47.00:064][  0]LogConfig: Setting CVar [[r.EyeAdaptationQuality:2]]
[2022.08.22-19.47.00:064][  0]LogConfig: Setting CVar [[r.BloomQuality:5]]
[2022.08.22-19.47.00:064][  0]LogConfig: Setting CVar [[r.FastBlurThreshold:100]]
[2022.08.22-19.47.00:064][  0]LogConfig: Setting CVar [[r.Upscale.Quality:3]]
[2022.08.22-19.47.00:064][  0]LogConfig: Setting CVar [[r.Tonemapper.GrainQuantization:1]]
[2022.08.22-19.47.00:064][  0]LogConfig: Setting CVar [[r.LightShaftQuality:1]]
[2022.08.22-19.47.00:064][  0]LogConfig: Setting CVar [[r.Filter.SizeScale:1]]
[2022.08.22-19.47.00:064][  0]LogConfig: Setting CVar [[r.Tonemapper.Quality:5]]
[2022.08.22-19.47.00:064][  0]LogConfig: Setting CVar [[r.DOF.Gather.AccumulatorQuality:1        ; higher gathering accumulator quality]]
[2022.08.22-19.47.00:065][  0]LogConfig: Setting CVar [[r.DOF.Gather.PostfilterMethod:1          ; Median3x3 postfilering method]]
[2022.08.22-19.47.00:065][  0]LogConfig: Setting CVar [[r.DOF.Gather.EnableBokehSettings:0       ; no bokeh simulation when gathering]]
[2022.08.22-19.47.00:065][  0]LogConfig: Setting CVar [[r.DOF.Gather.RingCount:4                 ; medium number of samples when gathering]]
[2022.08.22-19.47.00:065][  0]LogConfig: Setting CVar [[r.DOF.Scatter.ForegroundCompositing:1    ; additive foreground scattering]]
[2022.08.22-19.47.00:065][  0]LogConfig: Setting CVar [[r.DOF.Scatter.BackgroundCompositing:2    ; additive background scattering]]
[2022.08.22-19.47.00:065][  0]LogConfig: Setting CVar [[r.DOF.Scatter.EnableBokehSettings:1      ; bokeh simulation when scattering]]
[2022.08.22-19.47.00:065][  0]LogConfig: Setting CVar [[r.DOF.Scatter.MaxSpriteRatio:0.1         ; only a maximum of 10% of scattered bokeh]]
[2022.08.22-19.47.00:065][  0]LogConfig: Setting CVar [[r.DOF.Recombine.Quality:1                ; cheap slight out of focus]]
[2022.08.22-19.47.00:065][  0]LogConfig: Setting CVar [[r.DOF.Recombine.EnableBokehSettings:0    ; no bokeh simulation on slight out of focus]]
[2022.08.22-19.47.00:065][  0]LogConfig: Setting CVar [[r.DOF.TemporalAAQuality:1                ; more stable temporal accumulation]]
[2022.08.22-19.47.00:065][  0]LogConfig: Setting CVar [[r.DOF.Kernel.MaxForegroundRadius:0.025]]
[2022.08.22-19.47.00:065][  0]LogConfig: Setting CVar [[r.DOF.Kernel.MaxBackgroundRadius:0.025]]
[2022.08.22-19.47.00:065][  0]LogConfig: Applying CVar settings from Section [TextureQuality@3] File [C:/Users/alvar/OneDrive/Documents/GitHub/Cpp-and-Unreal-Projects/ThreeKeys/Saved/Config/Windows/Scalability.ini]
[2022.08.22-19.47.00:065][  0]LogConfig: Setting CVar [[r.Streaming.MipBias:0]]
[2022.08.22-19.47.00:065][  0]LogConfig: Setting CVar [[r.Streaming.AmortizeCPUToGPUCopy:0]]
[2022.08.22-19.47.00:065][  0]LogConfig: Setting CVar [[r.Streaming.MaxNumTexturesToStreamPerFrame:0]]
[2022.08.22-19.47.00:065][  0]LogConfig: Setting CVar [[r.Streaming.Boost:1]]
[2022.08.22-19.47.00:065][  0]LogConfig: Setting CVar [[r.MaxAnisotropy:8]]
[2022.08.22-19.47.00:065][  0]LogConfig: Setting CVar [[r.VT.MaxAnisotropy:8]]
[2022.08.22-19.47.00:065][  0]LogConfig: Setting CVar [[r.Streaming.LimitPoolSizeToVRAM:0]]
[2022.08.22-19.47.00:065][  0]LogConfig: Setting CVar [[r.Streaming.PoolSize:1000]]
[2022.08.22-19.47.00:065][  0]LogConfig: Setting CVar [[r.Streaming.MaxEffectiveScreenSize:0]]
[2022.08.22-19.47.00:065][  0]LogConfig: Applying CVar settings from Section [EffectsQuality@3] File [C:/Users/alvar/OneDrive/Documents/GitHub/Cpp-and-Unreal-Projects/ThreeKeys/Saved/Config/Windows/Scalability.ini]
[2022.08.22-19.47.00:065][  0]LogConfig: Setting CVar [[r.TranslucencyLightingVolumeDim:64]]
[2022.08.22-19.47.00:065][  0]LogConfig: Setting CVar [[r.RefractionQuality:2]]
[2022.08.22-19.47.00:065][  0]LogConfig: Setting CVar [[r.SSR.Quality:3]]
[2022.08.22-19.47.00:065][  0]LogConfig: Setting CVar [[r.SSR.HalfResSceneColor:0]]
[2022.08.22-19.47.00:065][  0]LogConfig: Setting CVar [[r.SceneColorFormat:4]]
[2022.08.22-19.47.00:065][  0]LogConfig: Setting CVar [[r.DetailMode:2]]
[2022.08.22-19.47.00:065][  0]LogConfig: Setting CVar [[r.TranslucencyVolumeBlur:1]]
[2022.08.22-19.47.00:065][  0]LogConfig: Setting CVar [[r.MaterialQualityLevel:1 ; High quality]]
[2022.08.22-19.47.00:065][  0]LogConfig: Setting CVar [[r.AnisotropicMaterials:1]]
[2022.08.22-19.47.00:065][  0]LogConfig: Setting CVar [[r.SSS.Scale:1]]
[2022.08.22-19.47.00:065][  0]LogConfig: Setting CVar [[r.SSS.SampleSet:2]]
[2022.08.22-19.47.00:065][  0]LogConfig: Setting CVar [[r.SSS.Quality:1]]
[2022.08.22-19.47.00:065][  0]LogConfig: Setting CVar [[r.SSS.HalfRes:0]]
[2022.08.22-19.47.00:065][  0]LogConfig: Setting CVar [[r.SSGI.Quality:3]]
[2022.08.22-19.47.00:065][  0]LogConfig: Setting CVar [[r.EmitterSpawnRateScale:1.0]]
[2022.08.22-19.47.00:065][  0]LogConfig: Setting CVar [[r.ParticleLightQuality:2]]
[2022.08.22-19.47.00:065][  0]LogConfig: Setting CVar [[r.SkyAtmosphere.AerialPerspectiveLUT.FastApplyOnOpaque:1 ; Always have FastSkyLUT 1 in this case to avoid wrong sky]]
[2022.08.22-19.47.00:065][  0]LogConfig: Setting CVar [[r.SkyAtmosphere.AerialPerspectiveLUT.SampleCountMaxPerSlice:4]]
[2022.08.22-19.47.00:065][  0]LogConfig: Setting CVar [[r.SkyAtmosphere.AerialPerspectiveLUT.DepthResolution:16.0]]
[2022.08.22-19.47.00:065][  0]LogConfig: Setting CVar [[r.SkyAtmosphere.FastSkyLUT:1]]
[2022.08.22-19.47.00:065][  0]LogConfig: Setting CVar [[r.SkyAtmosphere.FastSkyLUT.SampleCountMin:4.0]]
[2022.08.22-19.47.00:065][  0]LogConfig: Setting CVar [[r.SkyAtmosphere.FastSkyLUT.SampleCountMax:128.0]]
[2022.08.22-19.47.00:065][  0]LogConfig: Setting CVar [[r.SkyAtmosphere.SampleCountMin:4.0]]
[2022.08.22-19.47.00:065][  0]LogConfig: Setting CVar [[r.SkyAtmosphere.SampleCountMax:128.0]]
[2022.08.22-19.47.00:065][  0]LogConfig: Setting CVar [[r.SkyAtmosphere.TransmittanceLUT.UseSmallFormat:0]]
[2022.08.22-19.47.00:065][  0]LogConfig: Setting CVar [[r.SkyAtmosphere.TransmittanceLUT.SampleCount:10.0]]
[2022.08.22-19.47.00:065][  0]LogConfig: Setting CVar [[r.SkyAtmosphere.MultiScatteringLUT.SampleCount:15.0]]
[2022.08.22-19.47.00:065][  0]LogConfig: Setting CVar [[r.SkyLight.RealTimeReflectionCapture:1]]
[2022.08.22-19.47.00:066][  0]LogConfig: Applying CVar settings from Section [FoliageQuality@3] File [C:/Users/alvar/OneDrive/Documents/GitHub/Cpp-and-Unreal-Projects/ThreeKeys/Saved/Config/Windows/Scalability.ini]
[2022.08.22-19.47.00:066][  0]LogConfig: Setting CVar [[foliage.DensityScale:1.0]]
[2022.08.22-19.47.00:066][  0]LogConfig: Setting CVar [[grass.DensityScale:1.0]]
[2022.08.22-19.47.00:066][  0]LogConfig: Applying CVar settings from Section [ShadingQuality@3] File [C:/Users/alvar/OneDrive/Documents/GitHub/Cpp-and-Unreal-Projects/ThreeKeys/Saved/Config/Windows/Scalability.ini]
[2022.08.22-19.47.00:066][  0]LogConfig: Setting CVar [[r.HairStrands.SkyLighting.IntegrationType:2]]
[2022.08.22-19.47.00:066][  0]LogConfig: Setting CVar [[r.HairStrands.SkyAO.SampleCount:4]]
[2022.08.22-19.47.00:066][  0]LogConfig: Setting CVar [[r.HairStrands.Visibility.MSAA.SamplePerPixel:4]]
[2022.08.22-19.47.00:066][  0]LogConfig: Applying CVar settings from Section [Startup] File [../../../Engine/Config/ConsoleVariables.ini]
[2022.08.22-19.47.00:092][  0]LogConfig: Setting CVar [[net.UseAdaptiveNetUpdateFrequency:0]]
[2022.08.22-19.47.00:092][  0]LogConfig: Setting CVar [[p.chaos.AllowCreatePhysxBodies:1]]
[2022.08.22-19.47.00:092][  0]LogConfig: Setting CVar [[fx.SkipVectorVMBackendOptimizations:1]]
[2022.08.22-19.47.00:092][  0]LogConfig: Applying CVar settings from Section [ConsoleVariables] File [C:/Users/alvar/OneDrive/Documents/GitHub/Cpp-and-Unreal-Projects/ThreeKeys/Saved/Config/Windows/Engine.ini]
[2022.08.22-19.47.00:092][  0]LogConfig: Applying CVar settings from Section [ConsoleVariables] File [C:/Users/alvar/OneDrive/Documents/GitHub/Cpp-and-Unreal-Projects/ThreeKeys/Saved/Config/Windows/Editor.ini]
[2022.08.22-19.47.00:092][  0]LogInit: Computer: DESKTOP-G9EIH06
[2022.08.22-19.47.00:092][  0]LogInit: User: alvar
[2022.08.22-19.47.00:092][  0]LogInit: CPU Page size=4096, Cores=3
[2022.08.22-19.47.00:092][  0]LogInit: High frequency timer resolution =10.000000 MHz
[2022.08.22-19.47.00:092][  0]LogMemory: Memory total: Physical=16.0GB (16GB approx)
[2022.08.22-19.47.00:092][  0]LogMemory: Platform Memory Stats for Windows
[2022.08.22-19.47.00:092][  0]LogMemory: Process Physical Memory: 140.69 MB used, 140.70 MB peak
[2022.08.22-19.47.00:092][  0]LogMemory: Process Virtual Memory: 111.64 MB used, 111.64 MB peak
[2022.08.22-19.47.00:092][  0]LogMemory: Physical Memory: 7217.31 MB used,  9164.23 MB free, 16381.55 MB total
[2022.08.22-19.47.00:092][  0]LogMemory: Virtual Memory: 134208680.00 MB used,  9049.09 MB free, 134217728.00 MB total
[2022.08.22-19.47.00:101][  0]LogWindows: WindowsPlatformFeatures enabled
[2022.08.22-19.47.00:169][  0]LogInit: Physics initialised using underlying interface: PhysX
[2022.08.22-19.47.00:171][  0]LogInit: Using OS detected language (en-US).
[2022.08.22-19.47.00:171][  0]LogInit: Using OS detected locale (en-US).
[2022.08.22-19.47.00:183][  0]LogTextLocalizationManager: No specific localization for 'en-US' exists, so the 'en' localization will be used.
[2022.08.22-19.47.00:641][  0]LogInit: Setting process to per monitor DPI aware
[2022.08.22-19.47.00:763][  0]LogWindowsTextInputMethodSystem: Display: IME system deactivated.
[2022.08.22-19.47.00:870][  0]LogSlate: New Slate User Created.  User Index 0, Is Virtual User: 0
[2022.08.22-19.47.00:870][  0]LogSlate: Slate User Registered.  User Index 0, Is Virtual User: 0
[2022.08.22-19.47.01:291][  0]LogD3D11RHI: Loaded GFSDK_Aftermath_Lib.x64.dll
[2022.08.22-19.47.01:294][  0]LogHMD: Failed to initialize OpenVR with code 110
[2022.08.22-19.47.01:294][  0]LogD3D11RHI: D3D11 min allowed feature level: 11_0
[2022.08.22-19.47.01:294][  0]LogD3D11RHI: D3D11 max allowed feature level: 11_0
[2022.08.22-19.47.01:294][  0]LogD3D11RHI: D3D11 adapters:
[2022.08.22-19.47.01:442][  0]LogD3D11RHI:    0. 'NVIDIA GeForce GTX 660' (Feature Level 11_0)
[2022.08.22-19.47.01:442][  0]LogD3D11RHI:       1998/0/8190 MB DedicatedVideo/DedicatedSystem/SharedSystem, Outputs:1, VendorId:0x10de
[2022.08.22-19.47.01:445][  0]LogD3D11RHI:    1. 'Microsoft Basic Render Driver' (Feature Level 11_0)
[2022.08.22-19.47.01:445][  0]LogD3D11RHI:       0/0/8190 MB DedicatedVideo/DedicatedSystem/SharedSystem, Outputs:0, VendorId:0x1414
[2022.08.22-19.47.01:445][  0]LogD3D11RHI: Chosen D3D11 Adapter:
[2022.08.22-19.47.01:445][  0]LogD3D11RHI:     Description : NVIDIA GeForce GTX 660
[2022.08.22-19.47.01:445][  0]LogD3D11RHI:     VendorId    : 10de
[2022.08.22-19.47.01:445][  0]LogD3D11RHI:     DeviceId    : 11c0
[2022.08.22-19.47.01:445][  0]LogD3D11RHI:     SubSysId    : 354e1458
[2022.08.22-19.47.01:445][  0]LogD3D11RHI:     Revision    : 00a1
[2022.08.22-19.47.01:445][  0]LogD3D11RHI:     DedicatedVideoMemory : 2095448064 bytes
[2022.08.22-19.47.01:445][  0]LogD3D11RHI:     DedicatedSystemMemory : 0 bytes
[2022.08.22-19.47.01:445][  0]LogD3D11RHI:     SharedSystemMemory : 8588648448 bytes
[2022.08.22-19.47.01:445][  0]LogD3D11RHI:     AdapterLuid : 0 45579
[2022.08.22-19.47.01:456][  0]LogD3D11RHI: Creating new Direct3DDevice
[2022.08.22-19.47.01:456][  0]LogD3D11RHI:     GPU DeviceId: 0x11c0 (for the marketing name, search the web for "GPU Device Id")
[2022.08.22-19.47.01:456][  0]LogWindows: EnumDisplayDevices:
[2022.08.22-19.47.01:456][  0]LogWindows:    0. 'NVIDIA GeForce GTX 660' (P:1 D:1)
[2022.08.22-19.47.01:457][  0]LogWindows:    1. 'NVIDIA GeForce GTX 660' (P:0 D:0)
[2022.08.22-19.47.01:457][  0]LogWindows:    2. 'NVIDIA GeForce GTX 660' (P:0 D:0)
[2022.08.22-19.47.01:457][  0]LogWindows:    3. 'NVIDIA GeForce GTX 660' (P:0 D:0)
[2022.08.22-19.47.01:457][  0]LogWindows: DebugString: FoundDriverCount:4 
[2022.08.22-19.47.01:457][  0]LogD3D11RHI:     Adapter Name: NVIDIA GeForce GTX 660
[2022.08.22-19.47.01:458][  0]LogD3D11RHI:   Driver Version: 471.68 (internal:30.0.14.7168, unified:471.68)
[2022.08.22-19.47.01:458][  0]LogD3D11RHI:      Driver Date: 8-5-2021
[2022.08.22-19.47.01:458][  0]LogRHI: Texture pool is 1398 MB (70% of 1998 MB)
[2022.08.22-19.47.01:458][  0]LogD3D11RHI: Creating D3DDevice using adapter:
[2022.08.22-19.47.01:458][  0]LogD3D11RHI:     Description : NVIDIA GeForce GTX 660
[2022.08.22-19.47.01:458][  0]LogD3D11RHI:     VendorId    : 10de
[2022.08.22-19.47.01:458][  0]LogD3D11RHI:     DeviceId    : 11c0
[2022.08.22-19.47.01:458][  0]LogD3D11RHI:     SubSysId    : 354e1458
[2022.08.22-19.47.01:458][  0]LogD3D11RHI:     Revision    : 00a1
[2022.08.22-19.47.01:458][  0]LogD3D11RHI:     DedicatedVideoMemory : 2095448064 bytes
[2022.08.22-19.47.01:458][  0]LogD3D11RHI:     DedicatedSystemMemory : 0 bytes
[2022.08.22-19.47.01:458][  0]LogD3D11RHI:     SharedSystemMemory : 8588648448 bytes
[2022.08.22-19.47.01:458][  0]LogD3D11RHI:     AdapterLuid : 0 45579
[2022.08.22-19.47.01:572][  0]LogD3D11RHI: RHI does not have support for 64 bit atomics
[2022.08.22-19.47.01:572][  0]LogD3D11RHI: Async texture creation enabled
[2022.08.22-19.47.01:596][  0]LogD3D11RHI: GPU Timing Frequency: 1000.000000 (Debug: 2 1)
[2022.08.22-19.47.01:709][  0]LogRHI: GeForceNow SDK initialized: 1
[2022.08.22-19.47.02:270][  0]LogTargetPlatformManager: Display: Loaded TargetPlatform 'AllDesktop'
[2022.08.22-19.47.02:309][  0]LogTargetPlatformManager: Display: Loaded TargetPlatform 'Android'
[2022.08.22-19.47.02:309][  0]LogTargetPlatformManager: Display: Loaded TargetPlatform 'Android_ASTC'
[2022.08.22-19.47.02:309][  0]LogTargetPlatformManager: Display: Loaded TargetPlatform 'Android_DXT'
[2022.08.22-19.47.02:309][  0]LogTargetPlatformManager: Display: Loaded TargetPlatform 'Android_ETC2'
[2022.08.22-19.47.02:309][  0]LogTargetPlatformManager: Display: Loaded TargetPlatform 'AndroidClient'
[2022.08.22-19.47.02:309][  0]LogTargetPlatformManager: Display: Loaded TargetPlatform 'Android_ASTCClient'
[2022.08.22-19.47.02:309][  0]LogTargetPlatformManager: Display: Loaded TargetPlatform 'Android_DXTClient'
[2022.08.22-19.47.02:309][  0]LogTargetPlatformManager: Display: Loaded TargetPlatform 'Android_ETC2Client'
[2022.08.22-19.47.02:309][  0]LogTargetPlatformManager: Display: Loaded TargetPlatform 'Android_Multi'
[2022.08.22-19.47.02:309][  0]LogTargetPlatformManager: Display: Loaded TargetPlatform 'Android_MultiClient'
[2022.08.22-19.47.02:348][  0]LogTargetPlatformManager: Display: Loaded TargetPlatform 'IOSClient'
[2022.08.22-19.47.02:348][  0]LogTargetPlatformManager: Display: Loaded TargetPlatform 'IOS'
[2022.08.22-19.47.02:387][  0]LogTargetPlatformManager: Display: Loaded TargetPlatform 'Linux'
[2022.08.22-19.47.02:394][  0]LogTargetPlatformManager: Display: Loaded TargetPlatform 'LinuxNoEditor'
[2022.08.22-19.47.02:401][  0]LogTargetPlatformManager: Display: Loaded TargetPlatform 'LinuxClient'
[2022.08.22-19.47.02:407][  0]LogTargetPlatformManager: Display: Loaded TargetPlatform 'LinuxServer'
[2022.08.22-19.47.02:429][  0]LogTargetPlatformManager: Display: Loaded TargetPlatform 'LinuxAArch64NoEditor'
[2022.08.22-19.47.02:435][  0]LogTargetPlatformManager: Display: Loaded TargetPlatform 'LinuxAArch64Client'
[2022.08.22-19.47.02:442][  0]LogTargetPlatformManager: Display: Loaded TargetPlatform 'LinuxAArch64Server'
[2022.08.22-19.47.02:501][  0]LogTargetPlatformManager: Display: Loaded TargetPlatform 'Lumin'
[2022.08.22-19.47.02:501][  0]LogTargetPlatformManager: Display: Loaded TargetPlatform 'LuminClient'
[2022.08.22-19.47.02:527][  0]LogTargetPlatformManager: Display: Loaded TargetPlatform 'MacNoEditor'
[2022.08.22-19.47.02:533][  0]LogTargetPlatformManager: Display: Loaded TargetPlatform 'Mac'
[2022.08.22-19.47.02:540][  0]LogTargetPlatformManager: Display: Loaded TargetPlatform 'MacClient'
[2022.08.22-19.47.02:547][  0]LogTargetPlatformManager: Display: Loaded TargetPlatform 'MacServer'
[2022.08.22-19.47.02:585][  0]LogTargetPlatformManager: Display: Loaded TargetPlatform 'TVOSClient'
[2022.08.22-19.47.02:585][  0]LogTargetPlatformManager: Display: Loaded TargetPlatform 'TVOS'
[2022.08.22-19.47.02:606][  0]LogTargetPlatformManager: Display: Loaded TargetPlatform 'WindowsNoEditor'
[2022.08.22-19.47.02:614][  0]LogTargetPlatformManager: Display: Loaded TargetPlatform 'Windows'
[2022.08.22-19.47.02:622][  0]LogTargetPlatformManager: Display: Loaded TargetPlatform 'WindowsClient'
[2022.08.22-19.47.02:629][  0]LogTargetPlatformManager: Display: Loaded TargetPlatform 'WindowsServer'
[2022.08.22-19.47.02:629][  0]LogTargetPlatformManager: Display: Building Assets For Windows
[2022.08.22-19.47.02:642][  0]LogAudioDebug: Display: Lib vorbis DLL was dynamically loaded.
[2022.08.22-19.47.02:724][  0]LogTextureFormatOodle: Display: Oodle Texture 2.9.0 init RDO Off
[2022.08.22-19.47.02:806][  0]LogRendererCore: Ray tracing is disabled. Reason: r.RayTracing=0.
[2022.08.22-19.47.02:806][  0]LogShaderCompilers: Guid format shader working directory is -43 characters bigger than the processId version (../../../../../../Users/alvar/OneDrive/Documents/GitHub/Cpp-and-Unreal-Projects/ThreeKeys/Intermediate/Shaders/WorkingDirectory/7016/).
[2022.08.22-19.47.02:807][  0]LogShaderCompilers: Cleaned the shader compiler working directory 'C:/Users/alvar/AppData/Local/Temp/UnrealShaderWorkingDir/E364699545B4D80DAAF970B15FF08CBA/'.
[2022.08.22-19.47.02:807][  0]LogXGEController: Cannot use XGE Controller as Incredibuild is not installed on this machine.
[2022.08.22-19.47.02:807][  0]LogShaderCompilers: Cannot use XGE Shader Compiler as Incredibuild is not installed on this machine.
[2022.08.22-19.47.02:807][  0]LogShaderCompilers: Display: Using Local Shader Compiler.
[2022.08.22-19.47.05:025][  0]LogDerivedDataCache: Display: Max Cache Size: 512 MB
[2022.08.22-19.47.05:151][  0]LogDerivedDataCache: Loaded boot cache 0.12s 96MB C:/Users/alvar/AppData/Local/UnrealEngine/4.27/DerivedDataCache/Boot.ddc.
[2022.08.22-19.47.05:151][  0]LogDerivedDataCache: Display: Loaded Boot cache: C:/Users/alvar/AppData/Local/UnrealEngine/4.27/DerivedDataCache/Boot.ddc
[2022.08.22-19.47.05:151][  0]LogDerivedDataCache: FDerivedDataBackendGraph:  Pak pak cache file ../../../../../../Users/alvar/OneDrive/Documents/GitHub/Cpp-and-Unreal-Projects/ThreeKeys/DerivedDataCache/DDC.ddp not found, will not use a pak cache.
[2022.08.22-19.47.05:151][  0]LogDerivedDataCache: Unable to find inner node Pak for hierarchical cache Hierarchy.
[2022.08.22-19.47.05:151][  0]LogDerivedDataCache: FDerivedDataBackendGraph:  CompressedPak pak cache file ../../../../../../Users/alvar/OneDrive/Documents/GitHub/Cpp-and-Unreal-Projects/ThreeKeys/DerivedDataCache/Compressed.ddp not found, will not use a pak cache.
[2022.08.22-19.47.05:151][  0]LogDerivedDataCache: Unable to find inner node CompressedPak for hierarchical cache Hierarchy.
[2022.08.22-19.47.05:175][  0]LogDerivedDataCache: Display: Pak cache opened for reading ../../../Engine/DerivedDataCache/Compressed.ddp.
[2022.08.22-19.47.05:175][  0]LogDerivedDataCache: FDerivedDataBackendGraph:  EnterprisePak pak cache file ../../../Enterprise/DerivedDataCache/Compressed.ddp not found, will not use a pak cache.
[2022.08.22-19.47.05:175][  0]LogDerivedDataCache: Unable to find inner node EnterprisePak for hierarchical cache Hierarchy.
[2022.08.22-19.47.05:396][  0]LogDerivedDataCache: Speed tests for C:/Users/alvar/AppData/Local/UnrealEngine/Common/DerivedDataCache took 0.22 seconds
[2022.08.22-19.47.05:396][  0]LogDerivedDataCache: Display: Performance to C:/Users/alvar/AppData/Local/UnrealEngine/Common/DerivedDataCache: Latency=0.11ms. RandomReadSpeed=4.43MBs, RandomWriteSpeed=102.69MBs. Assigned SpeedClass 'Local'
[2022.08.22-19.47.05:397][  0]LogDerivedDataCache: Using Local data cache path C:/Users/alvar/AppData/Local/UnrealEngine/Common/DerivedDataCache: Writable
[2022.08.22-19.47.05:397][  0]LogDerivedDataCache: Shared data cache path not found in *engine.ini, will not use an Shared cache.
[2022.08.22-19.47.05:397][  0]LogDerivedDataCache: Unable to find inner node Shared for hierarchical cache Hierarchy.
[2022.08.22-19.47.05:478][  0]LogSlate: Using FreeType 2.10.0
[2022.08.22-19.47.05:508][  0]LogSlate: SlateFontServices - WITH_FREETYPE: 1, WITH_HARFBUZZ: 1
[2022.08.22-19.47.06:103][  0]LogAssetRegistry: FAssetRegistry took 0.0044 seconds to start up
[2022.08.22-19.47.06:522][  0]LogInit: Selected Device Profile: [Windows]
[2022.08.22-19.47.06:522][  0]LogInit: Active device profile: [00000137EE0CB700][00000137E3FB9200 49] Windows
[2022.08.22-19.47.06:522][  0]LogInit: Profiles: [00000137EE0CB700][00000137E3FB9200 49] Windows, [00000137EE084B00][00000137EEF534C0 49] WindowsNoEditor, [00000137EE0C8B00][00000137EEF57780 49] WindowsServer, [00000137EE087000][00000137EEF5BA40 49] WindowsClient, [00000137EE0CAF00][00000137E4424180 49] IOS, [00000137EE085300][00000137E4434440 49] iPadAir, [00000137EE0C9200][00000137EC426700 49] iPadAir2, [00000137EE014100][00000137EC43EC40 49] IPadPro, [00000137EE013F00][00000137EC42EC80 49] iPadAir3, [00000137EE0CAB00][00000137EEF4EF00 49] iPadAir4, [00000137EE011000][00000137EC437180 49] iPadMini2, [00000137EE0C9500][00000137EC43B440 49] iPadMini3, [00000137EE012B00][00000137EED8F700 49] iPadMini4, [00000137EE0CA400][00000137EED939C0 49] iPadMini5, [00000137EE086B00][00000137EC540380 49] iPhone6, [00000137EE086A00][00000137EC5303C0 49] iPodTouch6, [00000137EE011100][00000137EC548900 49] iPhone7, [00000137EE011200][00000137EC538940 49] iPodTouch7, [00000137EE084E00][00000137EC53CC00 49] iPhone5S, [00000137EE012D00][00000137EC534EC0 49] iPhone6Plus, [00000137EE085F00][00000137EC433140 49] iPhone6S, [00000137EE013500][00000137EC5453C0 49] iPhone6SPlus, [00000137EE087300][00000137EDADF680 49] iPhone7Plus, [00000137EE012400][00000137EC5BD940 49] iPhoneSE, [00000137EE085800][00000137EC5D5C00 49] iPhone8, [00000137EE012900][00000137EC5E0340 49] iPhone8Plus, [00000137EE086E00][00000137EDB1E600 49] iPhoneX, [00000137EE010400][00000137EDB228C0 49] iPhoneXS, [00000137EE087100][00000137EDB26B80 49] iPhoneXSMax, [00000137EE010A00][00000137EF346E40 49] iPhoneXR, [00000137EE085400][00000137EF34B100 49] iPhone11, [00000137EE013600][00000137EDADB380 49] iPhone11Pro, [00000137EE084900][00000137EF35D640 49] iPhone11ProMax, [00000137EE013A00][00000137EF361900 49] iPhoneSE2, [00000137EE087200][00000137EF365BC0 49] iPhone12Mini, [00000137EE013D00][00000137EF368300 49] iPhone12, [00000137EE085A00][00000137EF36C5C0 49] iPhone12Pro, [00000137EE013900][00000137EDB2A880 49] iPhone12ProMax, [00000137EE085700][00000137EDB2EB40 49] iPadPro105, [00000137EE011700][00000137EDB32E00 49] iPadPro129, [00000137EE087500][00000137EDB370C0 49] iPadPro97, [00000137EE012F00][00000137EF359340 49] iPadPro2_129, [00000137EE086700][00000137EF34F5C0 49] iPad5, [00000137EE011900][00000137EDB47880 49] iPad6, [00000137EE086C00][00000137EF30BB40 49] iPad7, [00000137EE013200][00000137EF30E280 49] iPad8, [00000137EE086D00][00000137EF312540 49] iPadPro11, [00000137EE010300][00000137EF316800 49] iPadPro2_11, [00000137EE084A00][00000137EC42AAC0 49] iPadPro3_129, [00000137EE013000][00000137EDA1AD80 49] iPadPro4_129, [00000137EE087600][00000137E4431040 49] AppleTV, [00000137EE011B00][00000137E442D300 49] AppleTV4K, [00000137EE085C00][00000137EF307580 49] TVOS, [00000137EE012C00][00000137E4429800 49] Mac, [00000137EE086300][00000137ED96FAC0 49] MacClient, [00000137EE010E00][00000137E07BC200 49] MacNoEditor, [00000137EE084600][00000137E07C04C0 49] MacServer, [00000137EE012300][00000137E07C4780 49] Linux, [00000137EE084300][00000137E07C8A40 49] LinuxAArch64, [00000137EE120500][00000137E07CCD00 49] LinuxNoEditor, [00000137EE014A00][00000137E07D0FC0 49] LinuxAArch64NoEditor, [00000137EE122300][00000137E07D5280 49] LinuxClient, [00000137EE017600][00000137E07D9540 49] LinuxAArch64Client, [00000137EE120100][00000137E0F377C0 49] LinuxServer, [00000137EE015200][00000137E07DDA40 49] LinuxAArch64Server, [00000137EE121900][00000137EF31A180 49] Android, [00000137EE017100][00000137EF31E440 49] Android_Low, [00000137EE122400][00000137EF322700 49] Android_Mid, [00000137EE016200][00000137EF3269C0 49] Android_High, [00000137EE120900][00000137EF32AC80 49] Android_Default, [00000137EE016A00][00000137EF32EF40 49] Android_Adreno4xx, [00000137EE121200][00000137EF333200 49] Android_Adreno5xx_Low, [00000137EE017B00][00000137EF3374C0 49] Android_Adreno5xx, [00000137EE120F00][00000137EF33B780 49] Android_Adreno6xx, [00000137EE014B00][00000137E07E1A00 49] Android_Adreno6xx_Vulkan, [00000137EE121C00][00000137EF33E100 49] Android_Mali_T6xx, [00000137EE016600][00000137E43CC3C0 49] Android_Mali_T7xx, [00000137EE122800][00000137E43D0680 49] Android_Mali_T8xx, [00000137EE015400][00000137E43D4940 49] Android_Mali_G71, [00000137EE120700][00000137E43D8C00 49] Android_Mali_G72, [00000137EE017D00][00000137E43DCEC0 49] Android_Mali_G72_Vulkan, [00000137EE084100][00000137E43E1180 49] Android_Mali_G76, [00000137EE010B00][00000137E43E5440 49] Android_Mali_G76_Vulkan, [00000137EE086400][00000137E43E9700 49] Android_Mali_G77, [00000137EE012200][00000137E43ED9C0 49] Android_Mali_G77_Vulkan, [00000137EE087900][00000137EF3420C0 49] Android_Mali_G78, [00000137EE011300][00000137E43F0340 49] Android_Mali_G78_Vulkan, [00000137EE085E00][00000137E43F8600 49] Android_Mali_G710, [00000137EE012A00][00000137E43FC8C0 49] Android_Mali_G710_Vulkan, [00000137EE085600][00000137E4400B80 49] Android_Vulkan_SM5, [00000137EE011F00][00000137E4404E40 49] Android_PowerVR_G6xxx, [00000137EE084C00][00000137E4409100 49] Android_PowerVR_GT7xxx, [00000137EE011E00][00000137E440D3C0 49] Android_PowerVR_GE8xxx, [00000137EE085D00][00000137E4411680 49] Android_PowerVR_GM9xxx, [00000137EE120200][00000137E4415940 49] Android_PowerVR_GM9xxx_Vulkan, [00000137EE086600][00000137E4419C00 49] Android_TegraK1, [00000137EE120E00][00000137E43F4300 49] Android_Unknown_Vulkan, [00000137EE085900][00000137E441C580 49] Lumin, [00000137EE121500][00000137EECD0840 49] Lumin_Desktop, [00000137EE084800][00000137EECD4B00 49] HoloLens, 
[2022.08.22-19.47.06:833][  0]LogMeshReduction: Using QuadricMeshReduction for automatic static mesh reduction
[2022.08.22-19.47.06:833][  0]LogMeshReduction: Using SimplygonMeshReduction for automatic skeletal mesh reduction
[2022.08.22-19.47.06:833][  0]LogMeshReduction: Using ProxyLODMeshReduction for automatic mesh merging
[2022.08.22-19.47.06:833][  0]LogMeshReduction: No distributed automatic mesh merging module available
[2022.08.22-19.47.06:833][  0]LogMeshMerging: No distributed automatic mesh merging module available
[2022.08.22-19.47.06:935][  0]LogNetVersion: UnrealFinal 1.0.0, NetCL: 17155196, EngineNetVer: 17, GameNetVer: 0 (Checksum: 3058838757)
[2022.08.22-19.47.21:927][  0]LogTexture: Default maximum texture size for cubemaps generated from long-lat sources has been changed from 512 to unlimited. In order to preserve old behaiour for '/Engine/MapTemplates/Sky/DaylightAmbientCubemap.DaylightAmbientCubemap', its maximum texture size has been explicitly set to 512.
[2022.08.22-19.47.22:068][  0]LogHMD: PokeAHoleMaterial loaded successfully
[2022.08.22-19.47.22:076][  0]LogUObjectArray: 17178 objects as part of root set at end of initial load.
[2022.08.22-19.47.22:076][  0]LogUObjectAllocator: 4302048 out of 0 bytes used by permanent object pool.
[2022.08.22-19.47.22:076][  0]LogUObjectArray: CloseDisregardForGC: 0/0 objects in disregard for GC pool
[2022.08.22-19.47.23:026][  0]LogNiagaraDebuggerClient: Niagara Debugger Client Initialized | Session: B4E751814CDD7B33B08B0884B5052D45 | Instance: F020E9A64DEA980E5BEB799AC92B2E2E (DESKTOP-G9EIH06-7016).
[2022.08.22-19.47.23:434][  0]LogPython: Using Python 3.7.7
[2022.08.22-19.47.24:757][  0]LogTcpMessaging: Initializing TcpMessaging bridge
[2022.08.22-19.47.24:764][  0]LogUdpMessaging: Initializing bridge on interface 0.0.0.0:0 to multicast group 230.0.0.1:6666.
[2022.08.22-19.47.25:189][  0]SourceControl: Source control is disabled
[2022.08.22-19.47.25:189][  0]SourceControl: Source control is disabled
[2022.08.22-19.47.25:199][  0]SourceControl: Source control is disabled
[2022.08.22-19.47.25:203][  0]SourceControl: Source control is disabled
[2022.08.22-19.47.25:218][  0]SourceControl: Source control is disabled
[2022.08.22-19.47.25:256][  0]LogUProjectInfo: Found projects:
[2022.08.22-19.47.25:900][  0]LogOpenImageDenoise: OIDN starting up
[2022.08.22-19.47.25:958][  0]LogAndroidPermission: UAndroidPermissionCallbackProxy::GetInstance
[2022.08.22-19.47.26:003][  0]LogAudioCaptureCore: Display: No Audio Capture implementations found. Audio input will be silent.
[2022.08.22-19.47.26:003][  0]LogAudioCaptureCore: Display: No Audio Capture implementations found. Audio input will be silent.
[2022.08.22-19.47.26:266][  0]LogCollectionManager: Loaded 0 collections in 0.003385 seconds
[2022.08.22-19.47.26:309][  0]LogFileCache: Scanning file cache for directory 'C:/Users/alvar/OneDrive/Documents/GitHub/Cpp-and-Unreal-Projects/ThreeKeys/Saved/Collections/' took 0.00s
[2022.08.22-19.47.26:309][  0]LogFileCache: Scanning file cache for directory 'C:/Users/alvar/OneDrive/Documents/GitHub/Cpp-and-Unreal-Projects/ThreeKeys/Content/Developers/alvar/Collections/' took 0.00s
[2022.08.22-19.47.26:309][  0]LogFileCache: Scanning file cache for directory 'C:/Users/alvar/OneDrive/Documents/GitHub/Cpp-and-Unreal-Projects/ThreeKeys/Content/Collections/' took 0.00s
[2022.08.22-19.47.26:309][  0]LogOcInput: OculusInput pre-init called
[2022.08.22-19.47.26:763][  0]LogEngine: Initializing Engine...
[2022.08.22-19.47.26:766][  0]LogHMD: Failed to enumerate extensions. Please check that you have a valid OpenXR runtime installed.
[2022.08.22-19.47.26:766][  0]LogHMD: Failed to initialize OpenVR with code 110
[2022.08.22-19.47.26:767][  0]LogMagicLeap: Warning: VR disabled because ZI is not enabled.  To enable, in the editor, Edit -> Project Settings -> Plugins -> Magic Leap Plugin -> Enable Zero Iteration
[2022.08.22-19.47.26:768][  0]LogStats: UGameplayTagsManager::InitializeManager -  0.000 s
[2022.08.22-19.47.27:094][  0]LogInit: Initializing FReadOnlyCVARCache
[2022.08.22-19.47.27:107][  0]LogAIModule: Creating AISystem for world Untitled
[2022.08.22-19.47.27:107][  0]LogAudio: Display: Initializing Audio Device Manager...
[2022.08.22-19.47.27:113][  0]LogAudio: Display: Loading Default Audio Settings Objects...
[2022.08.22-19.47.27:121][  0]LogAudio: Display: No default SoundConcurrencyObject specified (or failed to load).
[2022.08.22-19.47.27:122][  0]LogAudio: Display: Audio Device Manager Initialized
[2022.08.22-19.47.27:122][  0]LogAudio: Display: Creating Audio Device:                 Id: 1, Scope: Shared, Realtime: True
[2022.08.22-19.47.27:122][  0]LogAudioMixer: Display: Audio Mixer Platform Settings:
[2022.08.22-19.47.27:122][  0]LogAudioMixer: Display: 	Sample Rate:						  48000
[2022.08.22-19.47.27:122][  0]LogAudioMixer: Display: 	Callback Buffer Frame Size Requested: 1024
[2022.08.22-19.47.27:122][  0]LogAudioMixer: Display: 	Callback Buffer Frame Size To Use:	  1024
[2022.08.22-19.47.27:122][  0]LogAudioMixer: Display: 	Number of buffers to queue:			  2
[2022.08.22-19.47.27:122][  0]LogAudioMixer: Display: 	Max Channels (voices):				  32
[2022.08.22-19.47.27:122][  0]LogAudioMixer: Display: 	Number of Async Source Workers:		  0
[2022.08.22-19.47.27:122][  0]LogAudio: Display: AudioDevice MaxSources: 32
[2022.08.22-19.47.27:122][  0]LogAudio: Display: Audio Spatialization Plugin: None (built-in).
[2022.08.22-19.47.27:122][  0]LogAudio: Display: Audio Reverb Plugin: None (built-in).
[2022.08.22-19.47.27:122][  0]LogAudio: Display: Audio Occlusion Plugin: None (built-in).
[2022.08.22-19.47.27:122][  0]LogAudioMixer: Display: Initializing audio mixer.
[2022.08.22-19.47.27:149][  0]LogAudioMixer: Display: 0: FrontLeft
[2022.08.22-19.47.27:149][  0]LogAudioMixer: Display: 1: FrontRight
[2022.08.22-19.47.27:261][  0]LogAudioMixer: Display: Using Audio Device Speakers (Focusrite Usb Audio)
[2022.08.22-19.47.27:261][  0]LogAudioMixer: Display: Initializing Sound Submixes...
[2022.08.22-19.47.27:333][  0]LogAudioMixer: Display: Creating Master Submix 'MasterSubmixDefault'
[2022.08.22-19.47.27:333][  0]LogAudioMixer: Display: Creating Master Submix 'MasterReverbSubmixDefault'
[2022.08.22-19.47.27:335][  0]LogAudioMixer: Display: Creating Master Submix 'MasterEQSubmixDefault'
[2022.08.22-19.47.27:335][  0]LogAudioMixer: FMixerPlatformXAudio2::StartAudioStream() called
[2022.08.22-19.47.27:335][  0]LogAudioMixer: Display: Output buffers initialized: Frames=1024, Channels=2, Samples=2048
[2022.08.22-19.47.27:337][  0]LogAudioMixer: Display: Starting AudioMixerPlatformInterface::RunInternal()
[2022.08.22-19.47.27:337][  0]LogAudioMixer: Display: FMixerPlatformXAudio2::SubmitBuffer() called for the first time
[2022.08.22-19.47.27:337][  0]LogInit: FAudioDevice initialized.
[2022.08.22-19.47.27:338][  0]LogAudio: Display: Audio Device (ID: 1) registered with world 'Untitled'.
[2022.08.22-19.47.27:338][  0]LogNetVersion: Set ProjectVersion to 1.0.0.0. Version Checksum will be recalculated on next use.
[2022.08.22-19.47.27:502][  0]LogDerivedDataCache: Saved boot cache 0.16s 94MB C:/Users/alvar/AppData/Local/UnrealEngine/4.27/DerivedDataCache/Boot.ddc.
[2022.08.22-19.47.27:503][  0]LogInit: Texture streaming: Enabled
[2022.08.22-19.47.27:523][  0]LogAnalytics: Display: [UEEditor.Rocket.Release] APIServer = https://datarouter.ol.epicgames.com/. AppVersion = 4.27.2-18319896+++UE4+Release-4.27
[2022.08.22-19.47.27:551][  0]LogEngineSessionManager: EngineSessionManager initialized
[2022.08.22-19.47.27:551][  0]LogEditorSessionSummary: Verbose: Initializing EditorSessionSummaryWriter for editor session tracking
[2022.08.22-19.47.27:554][  0]LogEditorSessionSummary: EditorSessionSummaryWriter initialized
[2022.08.22-19.47.27:600][  0]LogInit: Transaction tracking system initialized
[2022.08.22-19.47.27:635][  0]BlueprintLog: New page: Editor Load
[2022.08.22-19.47.27:865][  0]LocalizationService: Localization service is disabled
[2022.08.22-19.47.28:012][  0]TimingProfiler: Initialize
[2022.08.22-19.47.28:013][  0]TimingProfiler: OnSessionChanged
[2022.08.22-19.47.28:013][  0]LoadingProfiler: Initialize
[2022.08.22-19.47.28:013][  0]LoadingProfiler: OnSessionChanged
[2022.08.22-19.47.28:013][  0]NetworkingProfiler: Initialize
[2022.08.22-19.47.28:013][  0]NetworkingProfiler: OnSessionChanged
[2022.08.22-19.47.28:013][  0]MemoryProfiler: Initialize
[2022.08.22-19.47.28:013][  0]MemoryProfiler: OnSessionChanged
[2022.08.22-19.47.28:600][  0]LogCook: Display: CookSettings for Memory: MemoryMaxUsedVirtual 0MiB, MemoryMaxUsedPhysical 16384MiB, MemoryMinFreeVirtual 0MiB, MemoryMinFreePhysical 1024MiB
[2022.08.22-19.47.28:600][  0]LogCook: Display: Mobile HDR setting 1
[2022.08.22-19.47.29:401][  0]LogFileCache: Scanning file cache for directory 'C:/Users/alvar/OneDrive/Documents/GitHub/Cpp-and-Unreal-Projects/ThreeKeys/Content/' took 0.01s
[2022.08.22-19.47.29:946][  0]LogInit: Display: Engine is initialized. Leaving FEngineLoop::Init()
[2022.08.22-19.47.29:951][  0]SourceControl: Source control is disabled
[2022.08.22-19.47.29:951][  0]LogUnrealEdMisc: Loading editor; pre map load, took 37.268
[2022.08.22-19.47.29:951][  0]Cmd: MAP LOAD FILE="../../../../../../Users/alvar/OneDrive/Documents/GitHub/Cpp-and-Unreal-Projects/ThreeKeys/Content/ThirdPersonBP/Maps/Menu.umap" TEMPLATE=0 SHOWPROGRESS=1 FEATURELEVEL=3
[2022.08.22-19.47.29:951][  0]LightingResults: New page: Lighting Build
[2022.08.22-19.47.29:953][  0]LogWorld: UWorld::CleanupWorld for Untitled, bSessionEnded=true, bCleanupResources=true
[2022.08.22-19.47.29:953][  0]LogSlate: InvalidateAllWidgets triggered.  All widgets were invalidated
[2022.08.22-19.47.29:953][  0]MapCheck: New page: Map Check
[2022.08.22-19.47.29:953][  0]LightingResults: New page: Lighting Build
[2022.08.22-19.47.29:970][  0]LogAudio: Display: Audio Device unregistered from world 'None'.
[2022.08.22-19.47.29:975][  0]LogUObjectHash: Compacting FUObjectHashTables data took   1.70ms
[2022.08.22-19.47.29:993][  0]LogAudio: Display: Audio Device (ID: 1) registered with world 'Menu'.
[2022.08.22-19.47.29:995][  0]LogAIModule: Creating AISystem for world Menu
[2022.08.22-19.47.29:996][  0]LogEditorServer: Finished looking for orphan Actors (0.000 secs)
[2022.08.22-19.47.30:014][  0]LogUObjectHash: Compacting FUObjectHashTables data took   1.56ms
[2022.08.22-19.47.30:014][  0]Cmd: MAP CHECKDEP NOCLEARLOG
[2022.08.22-19.47.30:015][  0]MapCheck: Map check complete: 0 Error(s), 0 Warning(s), took 0.277ms to complete.
[2022.08.22-19.47.30:015][  0]LogFileHelpers: Loading map 'Menu' took 0.064
[2022.08.22-19.47.30:017][  0]LogUnrealEdMisc: Total Editor Startup Time, took 37.334
[2022.08.22-19.47.30:235][  0]LogSlate: Updating window title bar state: overlay mode, drag disabled, window buttons hidden, title bar hidden
[2022.08.22-19.47.30:250][  0]LogSlate: Updating window title bar state: overlay mode, drag disabled, window buttons hidden, title bar hidden
[2022.08.22-19.47.30:261][  0]LogSlate: Updating window title bar state: overlay mode, drag disabled, window buttons hidden, title bar hidden
[2022.08.22-19.47.30:271][  0]LogSlate: Updating window title bar state: overlay mode, drag disabled, window buttons hidden, title bar hidden
[2022.08.22-19.47.30:298][  0]LogNativeClassHierarchy: Verbose: Native class hierarchy populated in 0.0190 seconds. Added 3822 classes and 928 folders.
[2022.08.22-19.47.30:301][  0]LogNativeClassHierarchy: Verbose: Native class hierarchy updated for 'WidgetCarousel' in 0.0004 seconds. Added 0 classes and 0 folders.
[2022.08.22-19.47.30:348][  0]LogPakFile: PakFile PrimaryIndexSize=187
[2022.08.22-19.47.30:348][  0]LogPakFile: PakFile PathHashIndexSize=101
[2022.08.22-19.47.30:348][  0]LogPakFile: PakFile FullDirectoryIndexSize=148
[2022.08.22-19.47.30:348][  0]LogShaderLibrary: Display: ShaderCodeLibraryPakFileMountedCallback: PakFile 'C:/Program Files/Epic Games/UE_4.27/FeaturePacks/FP_FirstPerson.upack' (chunk index -1, root 'root:/') mounted
[2022.08.22-19.47.30:348][  0]LogShaderLibrary: Display: ShaderCodeLibraryPakFileMountedCallback: pending pak file info (ChunkID:-1 Root:root:/ File:C:/Program Files/Epic Games/UE_4.27/FeaturePacks/FP_FirstPerson.upack)
[2022.08.22-19.47.30:348][  0]LogPakFile: OnPakFileMounted2Time == 0.000089
[2022.08.22-19.47.30:349][  0]LogPakFile: PakFile PrimaryIndexSize=189
[2022.08.22-19.47.30:349][  0]LogPakFile: PakFile PathHashIndexSize=101
[2022.08.22-19.47.30:349][  0]LogPakFile: PakFile FullDirectoryIndexSize=152
[2022.08.22-19.47.30:349][  0]LogShaderLibrary: Display: ShaderCodeLibraryPakFileMountedCallback: PakFile 'C:/Program Files/Epic Games/UE_4.27/FeaturePacks/FP_FirstPersonBP.upack' (chunk index -1, root 'root:/') mounted
[2022.08.22-19.47.30:349][  0]LogShaderLibrary: Display: ShaderCodeLibraryPakFileMountedCallback: pending pak file info (ChunkID:-1 Root:root:/ File:C:/Program Files/Epic Games/UE_4.27/FeaturePacks/FP_FirstPersonBP.upack)
[2022.08.22-19.47.30:349][  0]LogPakFile: OnPakFileMounted2Time == 0.000062
[2022.08.22-19.47.30:350][  0]LogPakFile: PakFile PrimaryIndexSize=191
[2022.08.22-19.47.30:350][  0]LogPakFile: PakFile PathHashIndexSize=101
[2022.08.22-19.47.30:350][  0]LogPakFile: PakFile FullDirectoryIndexSize=160
[2022.08.22-19.47.30:350][  0]LogShaderLibrary: Display: ShaderCodeLibraryPakFileMountedCallback: PakFile 'C:/Program Files/Epic Games/UE_4.27/FeaturePacks/MobileStarterContent.upack' (chunk index -1, root 'root:/') mounted
[2022.08.22-19.47.30:350][  0]LogShaderLibrary: Display: ShaderCodeLibraryPakFileMountedCallback: pending pak file info (ChunkID:-1 Root:root:/ File:C:/Program Files/Epic Games/UE_4.27/FeaturePacks/MobileStarterContent.upack)
[2022.08.22-19.47.30:350][  0]LogPakFile: OnPakFileMounted2Time == 0.000056
[2022.08.22-19.47.30:351][  0]LogPakFile: PakFile PrimaryIndexSize=185
[2022.08.22-19.47.30:351][  0]LogPakFile: PakFile PathHashIndexSize=101
[2022.08.22-19.47.30:351][  0]LogPakFile: PakFile FullDirectoryIndexSize=148
[2022.08.22-19.47.30:351][  0]LogShaderLibrary: Display: ShaderCodeLibraryPakFileMountedCallback: PakFile 'C:/Program Files/Epic Games/UE_4.27/FeaturePacks/StarterContent.upack' (chunk index -1, root 'root:/') mounted
[2022.08.22-19.47.30:351][  0]LogShaderLibrary: Display: ShaderCodeLibraryPakFileMountedCallback: pending pak file info (ChunkID:-1 Root:root:/ File:C:/Program Files/Epic Games/UE_4.27/FeaturePacks/StarterContent.upack)
[2022.08.22-19.47.30:351][  0]LogPakFile: OnPakFileMounted2Time == 0.000062
[2022.08.22-19.47.30:352][  0]LogPakFile: PakFile PrimaryIndexSize=190
[2022.08.22-19.47.30:352][  0]LogPakFile: PakFile PathHashIndexSize=101
[2022.08.22-19.47.30:352][  0]LogPakFile: PakFile FullDirectoryIndexSize=154
[2022.08.22-19.47.30:352][  0]LogShaderLibrary: Display: ShaderCodeLibraryPakFileMountedCallback: PakFile 'C:/Program Files/Epic Games/UE_4.27/FeaturePacks/TP_2DSideScroller.upack' (chunk index -1, root 'root:/') mounted
[2022.08.22-19.47.30:352][  0]LogShaderLibrary: Display: ShaderCodeLibraryPakFileMountedCallback: pending pak file info (ChunkID:-1 Root:root:/ File:C:/Program Files/Epic Games/UE_4.27/FeaturePacks/TP_2DSideScroller.upack)
[2022.08.22-19.47.30:352][  0]LogPakFile: OnPakFileMounted2Time == 0.000091
[2022.08.22-19.47.30:353][  0]LogPakFile: PakFile PrimaryIndexSize=192
[2022.08.22-19.47.30:354][  0]LogPakFile: PakFile PathHashIndexSize=101
[2022.08.22-19.47.30:354][  0]LogPakFile: PakFile FullDirectoryIndexSize=158
[2022.08.22-19.47.30:354][  0]LogShaderLibrary: Display: ShaderCodeLibraryPakFileMountedCallback: PakFile 'C:/Program Files/Epic Games/UE_4.27/FeaturePacks/TP_2DSideScrollerBP.upack' (chunk index -1, root 'root:/') mounted
[2022.08.22-19.47.30:354][  0]LogShaderLibrary: Display: ShaderCodeLibraryPakFileMountedCallback: pending pak file info (ChunkID:-1 Root:root:/ File:C:/Program Files/Epic Games/UE_4.27/FeaturePacks/TP_2DSideScrollerBP.upack)
[2022.08.22-19.47.30:354][  0]LogPakFile: OnPakFileMounted2Time == 0.000080
[2022.08.22-19.47.30:355][  0]LogPakFile: PakFile PrimaryIndexSize=182
[2022.08.22-19.47.30:355][  0]LogPakFile: PakFile PathHashIndexSize=101
[2022.08.22-19.47.30:355][  0]LogPakFile: PakFile FullDirectoryIndexSize=138
[2022.08.22-19.47.30:355][  0]LogShaderLibrary: Display: ShaderCodeLibraryPakFileMountedCallback: PakFile 'C:/Program Files/Epic Games/UE_4.27/FeaturePacks/TP_Flying.upack' (chunk index -1, root 'root:/') mounted
[2022.08.22-19.47.30:355][  0]LogShaderLibrary: Display: ShaderCodeLibraryPakFileMountedCallback: pending pak file info (ChunkID:-1 Root:root:/ File:C:/Program Files/Epic Games/UE_4.27/FeaturePacks/TP_Flying.upack)
[2022.08.22-19.47.30:355][  0]LogPakFile: OnPakFileMounted2Time == 0.000080
[2022.08.22-19.47.30:357][  0]LogPakFile: PakFile PrimaryIndexSize=184
[2022.08.22-19.47.30:357][  0]LogPakFile: PakFile PathHashIndexSize=101
[2022.08.22-19.47.30:357][  0]LogPakFile: PakFile FullDirectoryIndexSize=142
[2022.08.22-19.47.30:357][  0]LogShaderLibrary: Display: ShaderCodeLibraryPakFileMountedCallback: PakFile 'C:/Program Files/Epic Games/UE_4.27/FeaturePacks/TP_FlyingBP.upack' (chunk index -1, root 'root:/') mounted
[2022.08.22-19.47.30:358][  0]LogShaderLibrary: Display: ShaderCodeLibraryPakFileMountedCallback: pending pak file info (ChunkID:-1 Root:root:/ File:C:/Program Files/Epic Games/UE_4.27/FeaturePacks/TP_FlyingBP.upack)
[2022.08.22-19.47.30:358][  0]LogPakFile: OnPakFileMounted2Time == 0.000111
[2022.08.22-19.47.30:359][  0]LogPakFile: PakFile PrimaryIndexSize=188
[2022.08.22-19.47.30:359][  0]LogPakFile: PakFile PathHashIndexSize=101
[2022.08.22-19.47.30:359][  0]LogPakFile: PakFile FullDirectoryIndexSize=150
[2022.08.22-19.47.30:360][  0]LogShaderLibrary: Display: ShaderCodeLibraryPakFileMountedCallback: PakFile 'C:/Program Files/Epic Games/UE_4.27/FeaturePacks/TP_HandheldARBP.upack' (chunk index -1, root 'root:/') mounted
[2022.08.22-19.47.30:360][  0]LogShaderLibrary: Display: ShaderCodeLibraryPakFileMountedCallback: pending pak file info (ChunkID:-1 Root:root:/ File:C:/Program Files/Epic Games/UE_4.27/FeaturePacks/TP_HandheldARBP.upack)
[2022.08.22-19.47.30:360][  0]LogPakFile: OnPakFileMounted2Time == 0.000094
[2022.08.22-19.47.30:361][  0]LogPakFile: PakFile PrimaryIndexSize=182
[2022.08.22-19.47.30:361][  0]LogPakFile: PakFile PathHashIndexSize=101
[2022.08.22-19.47.30:361][  0]LogPakFile: PakFile FullDirectoryIndexSize=138
[2022.08.22-19.47.30:362][  0]LogShaderLibrary: Display: ShaderCodeLibraryPakFileMountedCallback: PakFile 'C:/Program Files/Epic Games/UE_4.27/FeaturePacks/TP_Puzzle.upack' (chunk index -1, root 'root:/') mounted
[2022.08.22-19.47.30:362][  0]LogShaderLibrary: Display: ShaderCodeLibraryPakFileMountedCallback: pending pak file info (ChunkID:-1 Root:root:/ File:C:/Program Files/Epic Games/UE_4.27/FeaturePacks/TP_Puzzle.upack)
[2022.08.22-19.47.30:362][  0]LogPakFile: OnPakFileMounted2Time == 0.000082
[2022.08.22-19.47.30:363][  0]LogPakFile: PakFile PrimaryIndexSize=184
[2022.08.22-19.47.30:363][  0]LogPakFile: PakFile PathHashIndexSize=101
[2022.08.22-19.47.30:363][  0]LogPakFile: PakFile FullDirectoryIndexSize=142
[2022.08.22-19.47.30:363][  0]LogShaderLibrary: Display: ShaderCodeLibraryPakFileMountedCallback: PakFile 'C:/Program Files/Epic Games/UE_4.27/FeaturePacks/TP_PuzzleBP.upack' (chunk index -1, root 'root:/') mounted
[2022.08.22-19.47.30:363][  0]LogShaderLibrary: Display: ShaderCodeLibraryPakFileMountedCallback: pending pak file info (ChunkID:-1 Root:root:/ File:C:/Program Files/Epic Games/UE_4.27/FeaturePacks/TP_PuzzleBP.upack)
[2022.08.22-19.47.30:363][  0]LogPakFile: OnPakFileMounted2Time == 0.000081
[2022.08.22-19.47.30:364][  0]LogPakFile: PakFile PrimaryIndexSize=183
[2022.08.22-19.47.30:364][  0]LogPakFile: PakFile PathHashIndexSize=101
[2022.08.22-19.47.30:364][  0]LogPakFile: PakFile FullDirectoryIndexSize=140
[2022.08.22-19.47.30:364][  0]LogShaderLibrary: Display: ShaderCodeLibraryPakFileMountedCallback: PakFile 'C:/Program Files/Epic Games/UE_4.27/FeaturePacks/TP_Rolling.upack' (chunk index -1, root 'root:/') mounted
[2022.08.22-19.47.30:364][  0]LogShaderLibrary: Display: ShaderCodeLibraryPakFileMountedCallback: pending pak file info (ChunkID:-1 Root:root:/ File:C:/Program Files/Epic Games/UE_4.27/FeaturePacks/TP_Rolling.upack)
[2022.08.22-19.47.30:364][  0]LogPakFile: OnPakFileMounted2Time == 0.000089
[2022.08.22-19.47.30:366][  0]LogPakFile: PakFile PrimaryIndexSize=185
[2022.08.22-19.47.30:366][  0]LogPakFile: PakFile PathHashIndexSize=101
[2022.08.22-19.47.30:366][  0]LogPakFile: PakFile FullDirectoryIndexSize=144
[2022.08.22-19.47.30:366][  0]LogShaderLibrary: Display: ShaderCodeLibraryPakFileMountedCallback: PakFile 'C:/Program Files/Epic Games/UE_4.27/FeaturePacks/TP_RollingBP.upack' (chunk index -1, root 'root:/') mounted
[2022.08.22-19.47.30:366][  0]LogShaderLibrary: Display: ShaderCodeLibraryPakFileMountedCallback: pending pak file info (ChunkID:-1 Root:root:/ File:C:/Program Files/Epic Games/UE_4.27/FeaturePacks/TP_RollingBP.upack)
[2022.08.22-19.47.30:366][  0]LogPakFile: OnPakFileMounted2Time == 0.000101
[2022.08.22-19.47.30:367][  0]LogPakFile: PakFile PrimaryIndexSize=188
[2022.08.22-19.47.30:368][  0]LogPakFile: PakFile PathHashIndexSize=101
[2022.08.22-19.47.30:368][  0]LogPakFile: PakFile FullDirectoryIndexSize=150
[2022.08.22-19.47.30:368][  0]LogShaderLibrary: Display: ShaderCodeLibraryPakFileMountedCallback: PakFile 'C:/Program Files/Epic Games/UE_4.27/FeaturePacks/TP_SideScroller.upack' (chunk index -1, root 'root:/') mounted
[2022.08.22-19.47.30:368][  0]LogShaderLibrary: Display: ShaderCodeLibraryPakFileMountedCallback: pending pak file info (ChunkID:-1 Root:root:/ File:C:/Program Files/Epic Games/UE_4.27/FeaturePacks/TP_SideScroller.upack)
[2022.08.22-19.47.30:368][  0]LogPakFile: OnPakFileMounted2Time == 0.000091
[2022.08.22-19.47.30:369][  0]LogPakFile: PakFile PrimaryIndexSize=190
[2022.08.22-19.47.30:369][  0]LogPakFile: PakFile PathHashIndexSize=101
[2022.08.22-19.47.30:369][  0]LogPakFile: PakFile FullDirectoryIndexSize=154
[2022.08.22-19.47.30:369][  0]LogShaderLibrary: Display: ShaderCodeLibraryPakFileMountedCallback: PakFile 'C:/Program Files/Epic Games/UE_4.27/FeaturePacks/TP_SideScrollerBP.upack' (chunk index -1, root 'root:/') mounted
[2022.08.22-19.47.30:369][  0]LogShaderLibrary: Display: ShaderCodeLibraryPakFileMountedCallback: pending pak file info (ChunkID:-1 Root:root:/ File:C:/Program Files/Epic Games/UE_4.27/FeaturePacks/TP_SideScrollerBP.upack)
[2022.08.22-19.47.30:369][  0]LogPakFile: OnPakFileMounted2Time == 0.000088
[2022.08.22-19.47.30:371][  0]LogPakFile: PakFile PrimaryIndexSize=187
[2022.08.22-19.47.30:371][  0]LogPakFile: PakFile PathHashIndexSize=101
[2022.08.22-19.47.30:371][  0]LogPakFile: PakFile FullDirectoryIndexSize=148
[2022.08.22-19.47.30:371][  0]LogShaderLibrary: Display: ShaderCodeLibraryPakFileMountedCallback: PakFile 'C:/Program Files/Epic Games/UE_4.27/FeaturePacks/TP_ThirdPerson.upack' (chunk index -1, root 'root:/') mounted
[2022.08.22-19.47.30:371][  0]LogShaderLibrary: Display: ShaderCodeLibraryPakFileMountedCallback: pending pak file info (ChunkID:-1 Root:root:/ File:C:/Program Files/Epic Games/UE_4.27/FeaturePacks/TP_ThirdPerson.upack)
[2022.08.22-19.47.30:371][  0]LogPakFile: OnPakFileMounted2Time == 0.000097
[2022.08.22-19.47.30:372][  0]LogPakFile: PakFile PrimaryIndexSize=189
[2022.08.22-19.47.30:373][  0]LogPakFile: PakFile PathHashIndexSize=101
[2022.08.22-19.47.30:373][  0]LogPakFile: PakFile FullDirectoryIndexSize=152
[2022.08.22-19.47.30:373][  0]LogShaderLibrary: Display: ShaderCodeLibraryPakFileMountedCallback: PakFile 'C:/Program Files/Epic Games/UE_4.27/FeaturePacks/TP_ThirdPersonBP.upack' (chunk index -1, root 'root:/') mounted
[2022.08.22-19.47.30:373][  0]LogShaderLibrary: Display: ShaderCodeLibraryPakFileMountedCallback: pending pak file info (ChunkID:-1 Root:root:/ File:C:/Program Files/Epic Games/UE_4.27/FeaturePacks/TP_ThirdPersonBP.upack)
[2022.08.22-19.47.30:373][  0]LogPakFile: OnPakFileMounted2Time == 0.000076
[2022.08.22-19.47.30:374][  0]LogPakFile: PakFile PrimaryIndexSize=183
[2022.08.22-19.47.30:374][  0]LogPakFile: PakFile PathHashIndexSize=101
[2022.08.22-19.47.30:374][  0]LogPakFile: PakFile FullDirectoryIndexSize=140
[2022.08.22-19.47.30:374][  0]LogShaderLibrary: Display: ShaderCodeLibraryPakFileMountedCallback: PakFile 'C:/Program Files/Epic Games/UE_4.27/FeaturePacks/TP_TopDown.upack' (chunk index -1, root 'root:/') mounted
[2022.08.22-19.47.30:374][  0]LogShaderLibrary: Display: ShaderCodeLibraryPakFileMountedCallback: pending pak file info (ChunkID:-1 Root:root:/ File:C:/Program Files/Epic Games/UE_4.27/FeaturePacks/TP_TopDown.upack)
[2022.08.22-19.47.30:374][  0]LogPakFile: OnPakFileMounted2Time == 0.000096
[2022.08.22-19.47.30:376][  0]LogPakFile: PakFile PrimaryIndexSize=185
[2022.08.22-19.47.30:376][  0]LogPakFile: PakFile PathHashIndexSize=101
[2022.08.22-19.47.30:376][  0]LogPakFile: PakFile FullDirectoryIndexSize=144
[2022.08.22-19.47.30:376][  0]LogShaderLibrary: Display: ShaderCodeLibraryPakFileMountedCallback: PakFile 'C:/Program Files/Epic Games/UE_4.27/FeaturePacks/TP_TopDownBP.upack' (chunk index -1, root 'root:/') mounted
[2022.08.22-19.47.30:376][  0]LogShaderLibrary: Display: ShaderCodeLibraryPakFileMountedCallback: pending pak file info (ChunkID:-1 Root:root:/ File:C:/Program Files/Epic Games/UE_4.27/FeaturePacks/TP_TopDownBP.upack)
[2022.08.22-19.47.30:376][  0]LogPakFile: OnPakFileMounted2Time == 0.000201
[2022.08.22-19.47.30:377][  0]LogPakFile: PakFile PrimaryIndexSize=185
[2022.08.22-19.47.30:378][  0]LogPakFile: PakFile PathHashIndexSize=101
[2022.08.22-19.47.30:378][  0]LogPakFile: PakFile FullDirectoryIndexSize=144
[2022.08.22-19.47.30:378][  0]LogShaderLibrary: Display: ShaderCodeLibraryPakFileMountedCallback: PakFile 'C:/Program Files/Epic Games/UE_4.27/FeaturePacks/TP_TwinStick.upack' (chunk index -1, root 'root:/') mounted
[2022.08.22-19.47.30:378][  0]LogShaderLibrary: Display: ShaderCodeLibraryPakFileMountedCallback: pending pak file info (ChunkID:-1 Root:root:/ File:C:/Program Files/Epic Games/UE_4.27/FeaturePacks/TP_TwinStick.upack)
[2022.08.22-19.47.30:378][  0]LogPakFile: OnPakFileMounted2Time == 0.000084
[2022.08.22-19.47.30:379][  0]LogPakFile: PakFile PrimaryIndexSize=187
[2022.08.22-19.47.30:379][  0]LogPakFile: PakFile PathHashIndexSize=101
[2022.08.22-19.47.30:379][  0]LogPakFile: PakFile FullDirectoryIndexSize=148
[2022.08.22-19.47.30:379][  0]LogShaderLibrary: Display: ShaderCodeLibraryPakFileMountedCallback: PakFile 'C:/Program Files/Epic Games/UE_4.27/FeaturePacks/TP_TwinStickBP.upack' (chunk index -1, root 'root:/') mounted
[2022.08.22-19.47.30:379][  0]LogShaderLibrary: Display: ShaderCodeLibraryPakFileMountedCallback: pending pak file info (ChunkID:-1 Root:root:/ File:C:/Program Files/Epic Games/UE_4.27/FeaturePacks/TP_TwinStickBP.upack)
[2022.08.22-19.47.30:379][  0]LogPakFile: OnPakFileMounted2Time == 0.000092
[2022.08.22-19.47.30:381][  0]LogPakFile: PakFile PrimaryIndexSize=183
[2022.08.22-19.47.30:381][  0]LogPakFile: PakFile PathHashIndexSize=101
[2022.08.22-19.47.30:381][  0]LogPakFile: PakFile FullDirectoryIndexSize=140
[2022.08.22-19.47.30:381][  0]LogShaderLibrary: Display: ShaderCodeLibraryPakFileMountedCallback: PakFile 'C:/Program Files/Epic Games/UE_4.27/FeaturePacks/TP_Vehicle.upack' (chunk index -1, root 'root:/') mounted
[2022.08.22-19.47.30:381][  0]LogShaderLibrary: Display: ShaderCodeLibraryPakFileMountedCallback: pending pak file info (ChunkID:-1 Root:root:/ File:C:/Program Files/Epic Games/UE_4.27/FeaturePacks/TP_Vehicle.upack)
[2022.08.22-19.47.30:381][  0]LogPakFile: OnPakFileMounted2Time == 0.000089
[2022.08.22-19.47.30:382][  0]LogPakFile: PakFile PrimaryIndexSize=186
[2022.08.22-19.47.30:382][  0]LogPakFile: PakFile PathHashIndexSize=101
[2022.08.22-19.47.30:382][  0]LogPakFile: PakFile FullDirectoryIndexSize=146
[2022.08.22-19.47.30:382][  0]LogShaderLibrary: Display: ShaderCodeLibraryPakFileMountedCallback: PakFile 'C:/Program Files/Epic Games/UE_4.27/FeaturePacks/TP_VehicleAdv.upack' (chunk index -1, root 'root:/') mounted
[2022.08.22-19.47.30:382][  0]LogShaderLibrary: Display: ShaderCodeLibraryPakFileMountedCallback: pending pak file info (ChunkID:-1 Root:root:/ File:C:/Program Files/Epic Games/UE_4.27/FeaturePacks/TP_VehicleAdv.upack)
[2022.08.22-19.47.30:382][  0]LogPakFile: OnPakFileMounted2Time == 0.000065
[2022.08.22-19.47.30:383][  0]LogPakFile: PakFile PrimaryIndexSize=188
[2022.08.22-19.47.30:383][  0]LogPakFile: PakFile PathHashIndexSize=101
[2022.08.22-19.47.30:383][  0]LogPakFile: PakFile FullDirectoryIndexSize=150
[2022.08.22-19.47.30:383][  0]LogShaderLibrary: Display: ShaderCodeLibraryPakFileMountedCallback: PakFile 'C:/Program Files/Epic Games/UE_4.27/FeaturePacks/TP_VehicleAdvBP.upack' (chunk index -1, root 'root:/') mounted
[2022.08.22-19.47.30:383][  0]LogShaderLibrary: Display: ShaderCodeLibraryPakFileMountedCallback: pending pak file info (ChunkID:-1 Root:root:/ File:C:/Program Files/Epic Games/UE_4.27/FeaturePacks/TP_VehicleAdvBP.upack)
[2022.08.22-19.47.30:383][  0]LogPakFile: OnPakFileMounted2Time == 0.000061
[2022.08.22-19.47.30:385][  0]LogPakFile: PakFile PrimaryIndexSize=185
[2022.08.22-19.47.30:385][  0]LogPakFile: PakFile PathHashIndexSize=101
[2022.08.22-19.47.30:385][  0]LogPakFile: PakFile FullDirectoryIndexSize=144
[2022.08.22-19.47.30:385][  0]LogShaderLibrary: Display: ShaderCodeLibraryPakFileMountedCallback: PakFile 'C:/Program Files/Epic Games/UE_4.27/FeaturePacks/TP_VehicleBP.upack' (chunk index -1, root 'root:/') mounted
[2022.08.22-19.47.30:385][  0]LogShaderLibrary: Display: ShaderCodeLibraryPakFileMountedCallback: pending pak file info (ChunkID:-1 Root:root:/ File:C:/Program Files/Epic Games/UE_4.27/FeaturePacks/TP_VehicleBP.upack)
[2022.08.22-19.47.30:385][  0]LogPakFile: OnPakFileMounted2Time == 0.000078
[2022.08.22-19.47.30:386][  0]LogPakFile: PakFile PrimaryIndexSize=192
[2022.08.22-19.47.30:386][  0]LogPakFile: PakFile PathHashIndexSize=101
[2022.08.22-19.47.30:386][  0]LogPakFile: PakFile FullDirectoryIndexSize=158
[2022.08.22-19.47.30:386][  0]LogShaderLibrary: Display: ShaderCodeLibraryPakFileMountedCallback: PakFile 'C:/Program Files/Epic Games/UE_4.27/FeaturePacks/TP_VirtualRealityBP.upack' (chunk index -1, root 'root:/') mounted
[2022.08.22-19.47.30:386][  0]LogShaderLibrary: Display: ShaderCodeLibraryPakFileMountedCallback: pending pak file info (ChunkID:-1 Root:root:/ File:C:/Program Files/Epic Games/UE_4.27/FeaturePacks/TP_VirtualRealityBP.upack)
[2022.08.22-19.47.30:386][  0]LogPakFile: OnPakFileMounted2Time == 0.000073
[2022.08.22-19.47.30:938][  0]LogNativeClassHierarchy: Verbose: Native class hierarchy updated for 'AddContentDialog' in 0.0004 seconds. Added 0 classes and 0 folders.
[2022.08.22-19.47.30:939][  0]LogNativeClassHierarchy: Verbose: Native class hierarchy updated for 'SceneOutliner' in 0.0003 seconds. Added 2 classes and 0 folders.
[2022.08.22-19.47.30:991][  0]LogSlate: Took 0.000274 seconds to synchronously load lazily loaded font '../../../Engine/Content/Slate/Fonts/Roboto-Regular.ttf' (155K)
[2022.08.22-19.47.31:029][  0]LogSlate: Took 0.037377 seconds to synchronously load lazily loaded font '../../../Engine/Content/Editor/Slate/Fonts/FontAwesome.ttf' (139K)
[2022.08.22-19.47.31:047][  0]LogSlate: Took 0.015229 seconds to synchronously load lazily loaded font '../../../Engine/Content/Slate/Fonts/Roboto-Bold.ttf' (160K)
[2022.08.22-19.47.31:243][  0]LogRenderer: Reallocating scene render targets to support 1208x572 Format 10 NumSamples 1 (Frame:1).
[2022.08.22-19.47.31:306][  0]LogSlate: Took 0.000260 seconds to synchronously load lazily loaded font '../../../Engine/Content/Slate/Fonts/Roboto-Light.ttf' (167K)
[2022.08.22-19.47.31:410][  0]LogNativeClassHierarchy: Verbose: Native class hierarchy updated for 'HierarchicalLODOutliner' in 0.0004 seconds. Added 0 classes and 0 folders.
[2022.08.22-19.47.31:410][  0]LogInput: Warning: Action Jump uses invalid key OculusGo_Left_Trigger_Click.
[2022.08.22-19.47.31:411][  0]LogInput: Warning: Action ResetVR uses invalid key OculusGo_Left_Trackpad_Click.
[2022.08.22-19.47.31:411][  0]LogInput: Warning: Use -RemoveInvalidKeys to remove instances of these keys from the action mapping.
[2022.08.22-19.47.31:411][  0]LogLoad: (Engine Initialization) Total time: 38.73 seconds
[2022.08.22-19.47.31:411][  0]LogLoad: (Engine Initialization) Total Blueprint compile time: 0.00 seconds
[2022.08.22-19.47.31:475][  0]LogContentStreaming: Texture pool size now 1000 MB
[2022.08.22-19.47.31:527][  1]LogAssetRegistry: Asset discovery search completed in 25.4250 seconds
[2022.08.22-19.47.31:552][  1]LogCollectionManager: Fixed up redirectors for 0 collections in 0.000005 seconds (updated 0 objects)
[2022.08.22-19.47.32:437][101]LogSlate: Took 0.000325 seconds to synchronously load lazily loaded font '../../../Engine/Content/Slate/Fonts/Roboto-Light.ttf' (167K)
[2022.08.22-19.49.03:474][961]LogTemp: Repeating last play command: Selected Viewport
[2022.08.22-19.49.03:482][961]LogPlayLevel: PlayLevel: No blueprints needed recompiling
[2022.08.22-19.49.03:483][961]PIE: New page: PIE session: Menu (Aug 22, 2022, 5:49:03 AM)
[2022.08.22-19.49.03:485][961]LogOnline: OSS: Creating online subsystem instance for: NULL
[2022.08.22-19.49.03:486][961]LogOnline: OSS: TryLoadSubsystemAndSetDefault: Loaded subsystem for module [NULL]
[2022.08.22-19.49.03:486][961]LogPlayLevel: Creating play world package: /Game/ThirdPersonBP/Maps/UEDPIE_0_Menu
[2022.08.22-19.49.03:488][961]LogPlayLevel: PIE: StaticDuplicateObject took: (0.001504s)
[2022.08.22-19.49.03:489][961]LogAIModule: Creating AISystem for world Menu
[2022.08.22-19.49.03:490][961]LogPlayLevel: PIE: World Init took: (0.001804s)
[2022.08.22-19.49.03:490][961]LogPlayLevel: PIE: Created PIE world by copying editor world from /Game/ThirdPersonBP/Maps/Menu.Menu to /Game/ThirdPersonBP/Maps/UEDPIE_0_Menu.Menu (0.003457s)
[2022.08.22-19.49.03:509][961]LogUObjectHash: Compacting FUObjectHashTables data took   1.24ms
[2022.08.22-19.49.03:510][961]LogAudio: Display: Creating Audio Device:                 Id: 2, Scope: Unique, Realtime: True
[2022.08.22-19.49.03:510][961]LogAudioMixer: Display: Audio Mixer Platform Settings:
[2022.08.22-19.49.03:510][961]LogAudioMixer: Display: 	Sample Rate:						  48000
[2022.08.22-19.49.03:510][961]LogAudioMixer: Display: 	Callback Buffer Frame Size Requested: 1024
[2022.08.22-19.49.03:510][961]LogAudioMixer: Display: 	Callback Buffer Frame Size To Use:	  1024
[2022.08.22-19.49.03:510][961]LogAudioMixer: Display: 	Number of buffers to queue:			  2
[2022.08.22-19.49.03:510][961]LogAudioMixer: Display: 	Max Channels (voices):				  32
[2022.08.22-19.49.03:510][961]LogAudioMixer: Display: 	Number of Async Source Workers:		  0
[2022.08.22-19.49.03:510][961]LogAudio: Display: AudioDevice MaxSources: 32
[2022.08.22-19.49.03:511][961]LogAudio: Display: Audio Spatialization Plugin: None (built-in).
[2022.08.22-19.49.03:511][961]LogAudio: Display: Audio Reverb Plugin: None (built-in).
[2022.08.22-19.49.03:511][961]LogAudio: Display: Audio Occlusion Plugin: None (built-in).
[2022.08.22-19.49.03:511][961]LogAudioMixer: Display: Initializing audio mixer.
[2022.08.22-19.49.03:518][961]LogAudioMixer: Display: 0: FrontLeft
[2022.08.22-19.49.03:518][961]LogAudioMixer: Display: 1: FrontRight
[2022.08.22-19.49.03:526][961]LogAudioMixer: Display: Using Audio Device Speakers (Focusrite Usb Audio)
[2022.08.22-19.49.03:526][961]LogAudioMixer: Display: Initializing Sound Submixes...
[2022.08.22-19.49.03:526][961]LogAudioMixer: Display: Creating Master Submix 'MasterSubmixDefault'
[2022.08.22-19.49.03:526][961]LogAudioMixer: Display: Creating Master Submix 'MasterReverbSubmixDefault'
[2022.08.22-19.49.03:527][961]LogAudioMixer: Display: Creating Master Submix 'MasterEQSubmixDefault'
[2022.08.22-19.49.03:527][961]LogAudioMixer: FMixerPlatformXAudio2::StartAudioStream() called
[2022.08.22-19.49.03:527][961]LogAudioMixer: Display: Output buffers initialized: Frames=1024, Channels=2, Samples=2048
[2022.08.22-19.49.03:529][961]LogAudioMixer: Display: Starting AudioMixerPlatformInterface::RunInternal()
[2022.08.22-19.49.03:529][961]LogAudioMixer: Display: FMixerPlatformXAudio2::SubmitBuffer() called for the first time
[2022.08.22-19.49.03:529][961]LogInit: FAudioDevice initialized.
[2022.08.22-19.49.03:529][961]LogAudio: Display: Audio Device (ID: 2) registered with world 'Menu'.
[2022.08.22-19.49.04:005][961]LogLoad: Game class is 'ThirdPersonGameMode_C'
[2022.08.22-19.49.04:007][961]LogWorld: Bringing World /Game/ThirdPersonBP/Maps/UEDPIE_0_Menu.Menu up for play (max tick rate 0) at 2022.08.22-12.49.04
[2022.08.22-19.49.04:007][961]LogWorld: Bringing up level for play took: 0.000471
[2022.08.22-19.49.04:007][961]LogOnline: OSS: Creating online subsystem instance for: :Context_1
[2022.08.22-19.49.04:012][961]LogNativeClassHierarchy: Verbose: Native class hierarchy updated for 'MovieSceneCapture' in 0.0005 seconds. Added 20 classes and 0 folders.
[2022.08.22-19.49.04:016][961]PIE: Server logged in
[2022.08.22-19.49.04:018][961]PIE: Play in editor total start time 0.537 seconds.
[2022.08.22-19.49.09:904][649]Cmd: LevelEditor.ToggleImmersive
[2022.08.22-19.49.10:009][650]LogRenderer: Reallocating scene render targets to support 1372x680 Format 10 NumSamples 1 (Frame:682).
[2022.08.22-19.49.10:097][651]LogRenderer: Reallocating scene render targets to support 1912x1036 Format 10 NumSamples 1 (Frame:684).
[2022.08.22-19.49.10:159][652]LogRenderer: Reallocating scene render targets to support 1920x1040 Format 10 NumSamples 1 (Frame:686).
[2022.08.22-19.49.19:947][771]LogNet: Browse: /Game/ThirdPersonBP/Maps/Main
[2022.08.22-19.49.19:947][771]LogLoad: LoadMap: /Game/ThirdPersonBP/Maps/Main
[2022.08.22-19.49.19:947][771]LogWorld: BeginTearingDown for /Game/ThirdPersonBP/Maps/UEDPIE_0_Menu
[2022.08.22-19.49.19:948][771]LogWorld: UWorld::CleanupWorld for Menu, bSessionEnded=true, bCleanupResources=true
[2022.08.22-19.49.19:948][771]LogSlate: InvalidateAllWidgets triggered.  All widgets were invalidated
[2022.08.22-19.49.19:995][771]LogAudio: Display: Audio Device unregistered from world 'None'.
[2022.08.22-19.49.19:999][771]LogUObjectHash: Compacting FUObjectHashTables data took   1.72ms
[2022.08.22-19.49.20:986][771]LogAudio: Display: Audio Device (ID: 2) registered with world 'Main'.
[2022.08.22-19.49.20:987][771]LogAIModule: Creating AISystem for world Main
[2022.08.22-19.49.20:987][771]LogLoad: Game class is 'ThirdPersonGameMode_C'
[2022.08.22-19.49.20:998][771]LogWorld: Bringing World /Game/ThirdPersonBP/Maps/UEDPIE_0_Main.Main up for play (max tick rate 0) at 2022.08.22-12.49.20
[2022.08.22-19.49.20:999][771]LogWorld: Bringing up level for play took: 0.010810
[2022.08.22-19.49.21:000][771]LogGameMode: FindPlayerStart: PATHS NOT DEFINED or NO PLAYERSTART with positive rating
[2022.08.22-19.49.21:002][771]LogLoad: Took 1.053728 seconds to LoadMap(/Game/ThirdPersonBP/Maps/Main)
[2022.08.22-19.49.37:630][764]LogSlate: Updating window title bar state: overlay mode, drag disabled, window buttons hidden, title bar hidden
[2022.08.22-19.49.37:630][764]LogWorld: BeginTearingDown for /Game/ThirdPersonBP/Maps/UEDPIE_0_Main
[2022.08.22-19.49.37:630][764]LogWorld: UWorld::CleanupWorld for Main, bSessionEnded=true, bCleanupResources=true
[2022.08.22-19.49.37:631][764]LogSlate: InvalidateAllWidgets triggered.  All widgets were invalidated
[2022.08.22-19.49.37:659][764]LogPlayLevel: Display: Shutting down PIE online subsystems
[2022.08.22-19.49.37:661][764]LogSlate: InvalidateAllWidgets triggered.  All widgets were invalidated
[2022.08.22-19.49.37:680][764]LogSlate: Updating window title bar state: overlay mode, drag disabled, window buttons hidden, title bar hidden
[2022.08.22-19.49.37:681][764]LogAudioMixer: FMixerPlatformXAudio2::StopAudioStream() called
[2022.08.22-19.49.37:682][764]LogAudioMixer: FMixerPlatformXAudio2::StopAudioStream() called
[2022.08.22-19.49.37:692][764]LogUObjectHash: Compacting FUObjectHashTables data took   1.88ms
[2022.08.22-19.49.37:721][765]LogPlayLevel: Display: Destroying online subsystem :Context_1
